Log file open, 07/04/19 16:06:44
LogWindows: Failed to load 'aqProf.dll' (GetLastError=126)
LogWindows: File 'aqProf.dll' does not exist
LogWindows: Failed to load 'VtuneApi.dll' (GetLastError=126)
LogWindows: File 'VtuneApi.dll' does not exist
LogWindows: Failed to load 'VtuneApi32e.dll' (GetLastError=126)
LogWindows: File 'VtuneApi32e.dll' does not exist
LogConsoleResponse: Display: Failed to find resolution value strings in scalability ini. Falling back to default.
LogInit: Display: Running engine for game: MetroV2
LogPakFile: Registered encryption key '00000000000000000000000000000000': 0 pak files mounted, 0 remain pending
LogPlatformFile: Not using cached read wrapper
LogTaskGraph: Started task graph with 5 named threads and 14 total threads with 3 sets of task threads.
LogStats: Stats thread started at 2.224224
LogD3D11RHI: Loaded GFSDK_Aftermath_Lib.x64.dll
LogICUInternationalization: ICU TimeZone Detection - Raw Offset: -8:00, Platform Override: ''
LogConfig: Warning: Failed to saved backup for config[../../../../../../Projects/Unreal Projects/MetroV2/Intermediate/Config/CoalescedSourceConfigs/Input.ini]
LogConfig: Warning: Failed to saved backup for config[../../../../../../Projects/Unreal Projects/MetroV2/Intermediate/Config/CoalescedSourceConfigs/Editor.ini]
LogConfig: Warning: Failed to saved backup for config[../../../../../../Projects/Unreal Projects/MetroV2/Intermediate/Config/CoalescedSourceConfigs/EditorPerProjectUserSettings.ini]
LogConfig: Warning: Failed to saved backup for config[../../../../../../Projects/Unreal Projects/MetroV2/Intermediate/Config/CoalescedSourceConfigs/EditorSettings.ini]
LogConfig: Warning: Failed to saved backup for config[../../../../../../Projects/Unreal Projects/MetroV2/Intermediate/Config/CoalescedSourceConfigs/EditorKeyBindings.ini]
LogConfig: Warning: Failed to saved backup for config[../../../../../../Projects/Unreal Projects/MetroV2/Intermediate/Config/CoalescedSourceConfigs/Compat.ini]
LogConfig: Warning: Failed to saved backup for config[../../../../../../Projects/Unreal Projects/MetroV2/Intermediate/Config/CoalescedSourceConfigs/Scalability.ini]
LogConfig: Warning: Failed to saved backup for config[../../../../../../Projects/Unreal Projects/MetroV2/Intermediate/Config/CoalescedSourceConfigs/Hardware.ini]
LogPluginManager: Mounting plugin Paper2D
LogPluginManager: Mounting plugin AISupport
LogPluginManager: Mounting plugin LightPropagationVolume
LogPluginManager: Mounting plugin ActorLayerUtilities
LogPluginManager: Mounting plugin AnimationSharing
LogPluginManager: Mounting plugin CLionSourceCodeAccess
LogPluginManager: Mounting plugin CodeLiteSourceCodeAccess
LogPluginManager: Mounting plugin GitSourceControl
LogPluginManager: Mounting plugin KDevelopSourceCodeAccess
LogPluginManager: Mounting plugin NullSourceCodeAccess
LogPluginManager: Mounting plugin PerforceSourceControl
LogPluginManager: Mounting plugin SubversionSourceControl
LogPluginManager: Mounting plugin UObjectPlugin
LogPluginManager: Mounting plugin VisualStudioCodeSourceCodeAccess
LogPluginManager: Mounting plugin VisualStudioSourceCodeAccess
LogPluginManager: Mounting plugin XCodeSourceCodeAccess
LogPluginManager: Mounting plugin AssetManagerEditor
LogPluginManager: Mounting plugin CryptoKeys
LogPluginManager: Mounting plugin DataValidation
LogPluginManager: Mounting plugin FacialAnimation
LogPluginManager: Mounting plugin GameplayTagsEditor
LogPluginManager: Mounting plugin MacGraphicsSwitching
LogPluginManager: Mounting plugin MaterialAnalyzer
LogPluginManager: Mounting plugin MobileLauncherProfileWizard
LogPluginManager: Mounting plugin PluginBrowser
LogPluginManager: Mounting plugin SpeedTreeImporter
LogPluginManager: Mounting plugin DatasmithContent
LogPluginManager: Mounting plugin VariantManagerContent
LogPluginManager: Mounting plugin AlembicImporter
LogPluginManager: Mounting plugin AppleImageUtils
LogPluginManager: Mounting plugin AppleVision
LogPluginManager: Mounting plugin BackChannel
LogPluginManager: Mounting plugin CharacterAI
LogPluginManager: Mounting plugin GeometryCache
LogPluginManager: Mounting plugin HTML5Networking
LogPluginManager: Mounting plugin ProxyLODPlugin
LogPluginManager: Mounting plugin SkeletalReduction
LogPluginManager: Mounting plugin MagicLeap
LogConfig: Warning: Failed to saved backup for config[../../../../../../Projects/Unreal Projects/MetroV2/Intermediate/Config/CoalescedSourceConfigs/MagicLeap.ini]
LogPluginManager: Mounting plugin MagicLeapMedia
LogPluginManager: Mounting plugin AndroidMedia
LogPluginManager: Mounting plugin AvfMedia
LogPluginManager: Mounting plugin ImgMedia
LogPluginManager: Mounting plugin LinearTimecode
LogPluginManager: Mounting plugin MediaCompositing
LogPluginManager: Mounting plugin MediaPlayerEditor
LogPluginManager: Mounting plugin WebMMedia
LogPluginManager: Mounting plugin WmfMedia
LogPluginManager: Mounting plugin TcpMessaging
LogPluginManager: Mounting plugin UdpMessaging
LogPluginManager: Mounting plugin ActorSequence
LogPluginManager: Mounting plugin LevelSequenceEditor
LogPluginManager: Mounting plugin MatineeToLevelSequence
LogPluginManager: Mounting plugin NetcodeUnitTest
LogPluginManager: Mounting plugin NUTUnrealEngine4
LogPluginManager: Mounting plugin OnlineSubsystemGooglePlay
LogPluginManager: Mounting plugin OnlineSubsystemIOS
LogPluginManager: Mounting plugin OnlineSubsystem
LogPluginManager: Mounting plugin OnlineSubsystemNull
LogPluginManager: Mounting plugin OnlineSubsystemUtils
LogPluginManager: Mounting plugin LauncherChunkInstaller
LogPluginManager: Mounting plugin AndroidDeviceProfileSelector
LogPluginManager: Mounting plugin AndroidMoviePlayer
LogPluginManager: Mounting plugin AndroidPermission
LogPluginManager: Mounting plugin AppleMoviePlayer
LogPluginManager: Mounting plugin ArchVisCharacter
LogPluginManager: Mounting plugin AudioCapture
LogPluginManager: Mounting plugin CableComponent
LogPluginManager: Mounting plugin CustomMeshComponent
LogPluginManager: Mounting plugin EditableMesh
LogPluginManager: Mounting plugin ExampleDeviceProfileSelector
LogPluginManager: Mounting plugin Firebase
LogPluginManager: Mounting plugin GoogleCloudMessaging
LogPluginManager: Mounting plugin IOSDeviceProfileSelector
LogPluginManager: Mounting plugin LinuxDeviceProfileSelector
LogPluginManager: Mounting plugin LocationServicesBPLibrary
LogPluginManager: Mounting plugin MobilePatchingUtils
LogPluginManager: Mounting plugin OculusVR
LogPluginManager: Mounting plugin PhysXVehicles
LogPluginManager: Mounting plugin ProceduralMeshComponent
LogPluginManager: Mounting plugin RuntimePhysXCooking
LogPluginManager: Mounting plugin SignificanceManager
LogPluginManager: Mounting plugin SteamVR
LogPluginManager: Mounting plugin WebMMoviePlayer
LogPluginManager: Mounting plugin WindowsMoviePlayer
LogInit: Using libcurl 7.55.1-DEV
LogInit:  - built for x86_64-pc-win32
LogInit:  - supports SSL with OpenSSL/1.1.1
LogInit:  - supports HTTP deflate (compression) using libz 1.2.8
LogInit:  - other features:
LogInit:      CURL_VERSION_SSL
LogInit:      CURL_VERSION_LIBZ
LogInit:      CURL_VERSION_IPV6
LogInit:      CURL_VERSION_ASYNCHDNS
LogInit:      CURL_VERSION_LARGEFILE
LogInit:      CURL_VERSION_IDN
LogInit:  CurlRequestOptions (configurable via config and command line):
LogInit:  - bVerifyPeer = true  - Libcurl will verify peer certificate
LogInit:  - bUseHttpProxy = false  - Libcurl will NOT use HTTP proxy
LogInit:  - bDontReuseConnections = false  - Libcurl will reuse connections
LogInit:  - MaxHostConnections = 16  - Libcurl will limit the number of connections to a host
LogInit:  - LocalHostAddr = Default
LogInit:  - BufferSize = 65536
LogInit: WinSock: version 1.1 (2.2), MaxSocks=32767, MaxUdp=65467
LogInit: Build: ++UE4+Release-4.22-CL-7053642
LogInit: Engine Version: 4.22.3-7053642+++UE4+Release-4.22
LogInit: Compatible Engine Version: 4.22.0-5660361+++UE4+Release-4.22
LogInit: Net CL: 5660361
LogInit: OS: Windows 10 (Release 1809) (), CPU: Intel(R) Core(TM) i5-6600K CPU @ 3.50GHz, GPU: NVIDIA GeForce GTX 1070
LogInit: Compiled (64-bit): Jun 18 2019 03:09:11
LogInit: Compiled with Visual C++: 19.16.27025.01
LogInit: Build Configuration: Development
LogInit: Branch Name: ++UE4+Release-4.22
LogInit: Command Line: 
LogInit: Base Directory: C:/Program Files/Epic Games/UE_4.22/Engine/Binaries/Win64/
LogInit: Installed Engine Build: 1
LogDevObjectVersion: Number of dev versions registered: 23
LogDevObjectVersion:   Dev-Blueprints (B0D832E4-1F89-4F0D-ACCF-7EB736FD4AA2): 10
LogDevObjectVersion:   Dev-Build (E1C64328-A22C-4D53-A36C-8E866417BD8C): 0
LogDevObjectVersion:   Dev-Core (375EC13C-06E4-48FB-B500-84F0262A717E): 3
LogDevObjectVersion:   Dev-Editor (E4B068ED-F494-42E9-A231-DA0B2E46BB41): 30
LogDevObjectVersion:   Dev-Framework (CFFC743F-43B0-4480-9391-14DF171D2073): 35
LogDevObjectVersion:   Dev-Mobile (B02B49B5-BB20-44E9-A304-32B752E40360): 2
LogDevObjectVersion:   Dev-Networking (A4E4105C-59A1-49B5-A7C5-40C4547EDFEE): 0
LogDevObjectVersion:   Dev-Online (39C831C9-5AE6-47DC-9A44-9C173E1C8E7C): 0
LogDevObjectVersion:   Dev-Physics (78F01B33-EBEA-4F98-B9B4-84EACCB95AA2): 0
LogDevObjectVersion:   Dev-Platform (6631380F-2D4D-43E0-8009-CF276956A95A): 0
LogDevObjectVersion:   Dev-Rendering (12F88B9F-8875-4AFC-A67C-D90C383ABD29): 28
LogDevObjectVersion:   Dev-Sequencer (7B5AE74C-D270-4C10-A958-57980B212A5A): 11
LogDevObjectVersion:   Dev-VR (D7296918-1DD6-4BDD-9DE2-64A83CC13884): 2
LogDevObjectVersion:   Dev-LoadTimes (C2A15278-BFE7-4AFE-6C17-90FF531DF755): 1
LogDevObjectVersion:   Private-Geometry (6EACA3D4-40EC-4CC1-B786-8BED09428FC5): 3
LogDevObjectVersion:   Dev-AnimPhys (29E575DD-E0A3-4627-9D10-D276232CDCEA): 17
LogDevObjectVersion:   Dev-Anim (AF43A65D-7FD3-4947-9873-3E8ED9C1BB05): 2
LogDevObjectVersion:   Dev-ReflectionCapture (6B266CEC-1EC7-4B8F-A30B-E4D90942FC07): 1
LogDevObjectVersion:   Dev-Automation (0DF73D61-A23F-47EA-B727-89E90C41499A): 1
LogDevObjectVersion:   FortniteMain (601D1886-AC64-4F84-AA16-D3DE0DEAC7D6): 25
LogDevObjectVersion:   Dev-Enterprise (9DFFBCD6-494F-0158-E221-12823C92A888): 6
LogDevObjectVersion:   Dev-Niagara (F2AED0AC-9AFE-416F-8664-AA7FFA26D6FC): 1
LogDevObjectVersion:   Dev-Destruction (174F1F0B-B4C6-45A5-B13F-2EE8D0FB917D): 2
LogInit: Presizing for max 16777216 objects, including 0 objects not considered by GC, pre-allocating 0 bytes for permanent pool.
LogInit: Object subsystem initialized
LogConfig: Setting CVar [[con.DebugEarlyDefault:1]]
LogConfig: Setting CVar [[r.setres:1280x720]]
[2019.07.04-23.06.49:816][  0]LogConfig: Setting CVar [[r.VSync:0]]
[2019.07.04-23.06.49:816][  0]LogConfig: Setting CVar [[r.RHICmdBypass:0]]
[2019.07.04-23.06.49:816][  0]LogConfig: Applying CVar settings from Section [/Script/Engine.RendererSettings] File [C:/Projects/Unreal Projects/MetroV2/Saved/Config/Windows/Engine.ini]
[2019.07.04-23.06.49:816][  0]LogConfig: Setting CVar [[r.GPUCrashDebugging:0]]
[2019.07.04-23.06.49:816][  0]LogConfig: Applying CVar settings from Section [/Script/Engine.RendererOverrideSettings] File [C:/Projects/Unreal Projects/MetroV2/Saved/Config/Windows/Engine.ini]
[2019.07.04-23.06.49:816][  0]LogConfig: Applying CVar settings from Section [/Script/Engine.StreamingSettings] File [C:/Projects/Unreal Projects/MetroV2/Saved/Config/Windows/Engine.ini]
[2019.07.04-23.06.49:816][  0]LogConfig: Setting CVar [[s.MinBulkDataSizeForAsyncLoading:131072]]
[2019.07.04-23.06.49:816][  0]LogConfig: Setting CVar [[s.AsyncLoadingThreadEnabled:0]]
[2019.07.04-23.06.49:816][  0]LogConfig: Setting CVar [[s.EventDrivenLoaderEnabled:1]]
[2019.07.04-23.06.49:816][  0]LogConfig: Setting CVar [[s.WarnIfTimeLimitExceeded:0]]
[2019.07.04-23.06.49:816][  0]LogConfig: Setting CVar [[s.TimeLimitExceededMultiplier:1.5]]
[2019.07.04-23.06.49:816][  0]LogConfig: Setting CVar [[s.TimeLimitExceededMinTime:0.005]]
[2019.07.04-23.06.49:816][  0]LogConfig: Setting CVar [[s.UseBackgroundLevelStreaming:1]]
[2019.07.04-23.06.49:816][  0]LogConfig: Setting CVar [[s.PriorityAsyncLoadingExtraTime:15.0]]
[2019.07.04-23.06.49:816][  0]LogConfig: Setting CVar [[s.LevelStreamingActorsUpdateTimeLimit:5.0]]
[2019.07.04-23.06.49:816][  0]LogConfig: Setting CVar [[s.PriorityLevelStreamingActorsUpdateExtraTime:5.0]]
[2019.07.04-23.06.49:816][  0]LogConfig: Setting CVar [[s.LevelStreamingComponentsRegistrationGranularity:10]]
[2019.07.04-23.06.49:816][  0]LogConfig: Setting CVar [[s.UnregisterComponentsTimeLimit:1.0]]
[2019.07.04-23.06.49:816][  0]LogConfig: Setting CVar [[s.LevelStreamingComponentsUnregistrationGranularity:5]]
[2019.07.04-23.06.49:816][  0]LogConfig: Applying CVar settings from Section [/Script/Engine.GarbageCollectionSettings] File [C:/Projects/Unreal Projects/MetroV2/Saved/Config/Windows/Engine.ini]
[2019.07.04-23.06.49:816][  0]LogConfig: Setting CVar [[gc.MaxObjectsNotConsideredByGC:1]]
[2019.07.04-23.06.49:816][  0]LogConfig: Setting CVar [[gc.SizeOfPermanentObjectPool:0]]
[2019.07.04-23.06.49:816][  0]LogConfig: Setting CVar [[gc.FlushStreamingOnGC:0]]
[2019.07.04-23.06.49:816][  0]LogConfig: Setting CVar [[gc.NumRetriesBeforeForcingGC:10]]
[2019.07.04-23.06.49:816][  0]LogConfig: Setting CVar [[gc.AllowParallelGC:1]]
[2019.07.04-23.06.49:816][  0]LogConfig: Setting CVar [[gc.TimeBetweenPurgingPendingKillObjects:61.1]]
[2019.07.04-23.06.49:816][  0]LogConfig: Setting CVar [[gc.MaxObjectsInEditor:16777216]]
[2019.07.04-23.06.49:816][  0]LogConfig: Setting CVar [[gc.IncrementalBeginDestroyEnabled:1]]
[2019.07.04-23.06.49:816][  0]LogConfig: Setting CVar [[gc.CreateGCClusters:1]]
[2019.07.04-23.06.49:816][  0]LogConfig: Setting CVar [[gc.MinGCClusterSize:5]]
[2019.07.04-23.06.49:816][  0]LogConfig: Setting CVar [[gc.ActorClusteringEnabled:0]]
[2019.07.04-23.06.49:816][  0]LogConfig: Setting CVar [[gc.BlueprintClusteringEnabled:0]]
[2019.07.04-23.06.49:816][  0]LogConfig: Setting CVar [[gc.UseDisregardForGCOnDedicatedServers:0]]
[2019.07.04-23.06.49:816][  0]LogConfig: Applying CVar settings from Section [/Script/Engine.NetworkSettings] File [C:/Projects/Unreal Projects/MetroV2/Saved/Config/Windows/Engine.ini]
[2019.07.04-23.06.49:816][  0]LogConfig: Applying CVar settings from Section [/Script/UnrealEd.CookerSettings] File [C:/Projects/Unreal Projects/MetroV2/Saved/Config/Windows/Engine.ini]
[2019.07.04-23.06.49:827][  0]LogConfig: Applying CVar settings from Section [ViewDistanceQuality@3] File [C:/Projects/Unreal Projects/MetroV2/Saved/Config/Windows/Scalability.ini]
[2019.07.04-23.06.49:827][  0]LogConfig: Setting CVar [[r.SkeletalMeshLODBias:0]]
[2019.07.04-23.06.49:827][  0]LogConfig: Setting CVar [[r.ViewDistanceScale:1.0]]
[2019.07.04-23.06.49:827][  0]LogConfig: Applying CVar settings from Section [AntiAliasingQuality@3] File [C:/Projects/Unreal Projects/MetroV2/Saved/Config/Windows/Scalability.ini]
[2019.07.04-23.06.49:827][  0]LogConfig: Setting CVar [[r.PostProcessAAQuality:4]]
[2019.07.04-23.06.49:827][  0]LogConfig: Applying CVar settings from Section [ShadowQuality@3] File [C:/Projects/Unreal Projects/MetroV2/Saved/Config/Windows/Scalability.ini]
[2019.07.04-23.06.49:827][  0]LogConfig: Setting CVar [[r.LightFunctionQuality:1]]
[2019.07.04-23.06.49:827][  0]LogConfig: Setting CVar [[r.ShadowQuality:5]]
[2019.07.04-23.06.49:827][  0]LogConfig: Setting CVar [[r.Shadow.CSM.MaxCascades:10]]
[2019.07.04-23.06.49:827][  0]LogConfig: Setting CVar [[r.Shadow.MaxResolution:2048]]
[2019.07.04-23.06.49:827][  0]LogConfig: Setting CVar [[r.Shadow.MaxCSMResolution:2048]]
[2019.07.04-23.06.49:827][  0]LogConfig: Setting CVar [[r.Shadow.RadiusThreshold:0.01]]
[2019.07.04-23.06.49:827][  0]LogConfig: Setting CVar [[r.Shadow.DistanceScale:1.0]]
[2019.07.04-23.06.49:827][  0]LogConfig: Setting CVar [[r.Shadow.CSM.TransitionScale:1.0]]
[2019.07.04-23.06.49:827][  0]LogConfig: Setting CVar [[r.Shadow.PreShadowResolutionFactor:1.0]]
[2019.07.04-23.06.49:827][  0]LogConfig: Setting CVar [[r.DistanceFieldShadowing:1]]
[2019.07.04-23.06.49:827][  0]LogConfig: Setting CVar [[r.DistanceFieldAO:1]]
[2019.07.04-23.06.49:827][  0]LogConfig: Setting CVar [[r.AOQuality:2]]
[2019.07.04-23.06.49:827][  0]LogConfig: Setting CVar [[r.VolumetricFog:1]]
[2019.07.04-23.06.49:827][  0]LogConfig: Setting CVar [[r.VolumetricFog.GridPixelSize:8]]
[2019.07.04-23.06.49:827][  0]LogConfig: Setting CVar [[r.VolumetricFog.GridSizeZ:128]]
[2019.07.04-23.06.49:827][  0]LogConfig: Setting CVar [[r.VolumetricFog.HistoryMissSupersampleCount:4]]
[2019.07.04-23.06.49:827][  0]LogConfig: Setting CVar [[r.LightMaxDrawDistanceScale:1]]
[2019.07.04-23.06.49:827][  0]LogConfig: Setting CVar [[r.CapsuleShadows:1]]
[2019.07.04-23.06.49:827][  0]LogConfig: Applying CVar settings from Section [PostProcessQuality@3] File [C:/Projects/Unreal Projects/MetroV2/Saved/Config/Windows/Scalability.ini]
[2019.07.04-23.06.49:827][  0]LogConfig: Setting CVar [[r.MotionBlurQuality:4]]
[2019.07.04-23.06.49:827][  0]LogConfig: Setting CVar [[r.AmbientOcclusionMipLevelFactor:0.4]]
[2019.07.04-23.06.49:827][  0]LogConfig: Setting CVar [[r.AmbientOcclusionMaxQuality:100]]
[2019.07.04-23.06.49:827][  0]LogConfig: Setting CVar [[r.AmbientOcclusionLevels:-1]]
[2019.07.04-23.06.49:827][  0]LogConfig: Setting CVar [[r.AmbientOcclusionRadiusScale:1.0]]
[2019.07.04-23.06.49:827][  0]LogConfig: Setting CVar [[r.DepthOfFieldQuality:2]]
[2019.07.04-23.06.49:827][  0]LogConfig: Setting CVar [[r.RenderTargetPoolMin:400]]
[2019.07.04-23.06.49:827][  0]LogConfig: Setting CVar [[r.LensFlareQuality:2]]
[2019.07.04-23.06.49:827][  0]LogConfig: Setting CVar [[r.SceneColorFringeQuality:1]]
[2019.07.04-23.06.49:827][  0]LogConfig: Setting CVar [[r.EyeAdaptationQuality:2]]
[2019.07.04-23.06.49:827][  0]LogConfig: Setting CVar [[r.BloomQuality:5]]
[2019.07.04-23.06.49:827][  0]LogConfig: Setting CVar [[r.FastBlurThreshold:100]]
[2019.07.04-23.06.49:827][  0]LogConfig: Setting CVar [[r.Upscale.Quality:3]]
[2019.07.04-23.06.49:827][  0]LogConfig: Setting CVar [[r.Tonemapper.GrainQuantization:1]]
[2019.07.04-23.06.49:827][  0]LogConfig: Setting CVar [[r.LightShaftQuality:1]]
[2019.07.04-23.06.49:827][  0]LogConfig: Setting CVar [[r.Filter.SizeScale:1]]
[2019.07.04-23.06.49:827][  0]LogConfig: Setting CVar [[r.Tonemapper.Quality:5]]
[2019.07.04-23.06.49:827][  0]LogConfig: Setting CVar [[r.DOF.Gather.AccumulatorQuality:1        ; higher gathering accumulator quality]]
[2019.07.04-23.06.49:828][  0]LogConfig: Setting CVar [[r.DOF.Gather.PostfilterMethod:1          ; Median3x3 postfilering method]]
[2019.07.04-23.06.49:828][  0]LogConfig: Setting CVar [[r.DOF.Gather.EnableBokehSettings:0       ; no bokeh simulation when gathering]]
[2019.07.04-23.06.49:828][  0]LogConfig: Setting CVar [[r.DOF.Gather.RingCount:4                 ; medium number of samples when gathering]]
[2019.07.04-23.06.49:828][  0]LogConfig: Setting CVar [[r.DOF.Scatter.ForegroundCompositing:1    ; additive foreground scattering]]
[2019.07.04-23.06.49:828][  0]LogConfig: Setting CVar [[r.DOF.Scatter.BackgroundCompositing:2    ; additive background scattering]]
[2019.07.04-23.06.49:828][  0]LogConfig: Setting CVar [[r.DOF.Scatter.EnableBokehSettings:1      ; bokeh simulation when scattering]]
[2019.07.04-23.06.49:828][  0]LogConfig: Setting CVar [[r.DOF.Scatter.MaxSpriteRatio:0.1         ; only a maximum of 10% of scattered bokeh]]
[2019.07.04-23.06.49:828][  0]LogConfig: Setting CVar [[r.DOF.Recombine.Quality:1                ; cheap slight out of focus]]
[2019.07.04-23.06.49:828][  0]LogConfig: Setting CVar [[r.DOF.Recombine.EnableBokehSettings:0    ; no bokeh simulation on slight out of focus]]
[2019.07.04-23.06.49:828][  0]LogConfig: Setting CVar [[r.DOF.TemporalAAQuality:1                ; more stable temporal accumulation]]
[2019.07.04-23.06.49:828][  0]LogConfig: Setting CVar [[r.DOF.Kernel.MaxForegroundRadius:0.025]]
[2019.07.04-23.06.49:828][  0]LogConfig: Setting CVar [[r.DOF.Kernel.MaxBackgroundRadius:0.025]]
[2019.07.04-23.06.49:828][  0]LogConfig: Applying CVar settings from Section [TextureQuality@3] File [C:/Projects/Unreal Projects/MetroV2/Saved/Config/Windows/Scalability.ini]
[2019.07.04-23.06.49:828][  0]LogConfig: Setting CVar [[r.Streaming.MipBias:0]]
[2019.07.04-23.06.49:828][  0]LogConfig: Setting CVar [[r.Streaming.AmortizeCPUToGPUCopy:0]]
[2019.07.04-23.06.49:828][  0]LogConfig: Setting CVar [[r.Streaming.MaxNumTexturesToStreamPerFrame:0]]
[2019.07.04-23.06.49:828][  0]LogConfig: Setting CVar [[r.Streaming.Boost:1]]
[2019.07.04-23.06.49:828][  0]LogConfig: Setting CVar [[r.MaxAnisotropy:8]]
[2019.07.04-23.06.49:828][  0]LogConfig: Setting CVar [[r.Streaming.LimitPoolSizeToVRAM:0]]
[2019.07.04-23.06.49:828][  0]LogConfig: Setting CVar [[r.Streaming.PoolSize:1000]]
[2019.07.04-23.06.49:828][  0]LogConfig: Setting CVar [[r.Streaming.MaxEffectiveScreenSize:0]]
[2019.07.04-23.06.49:828][  0]LogConfig: Applying CVar settings from Section [EffectsQuality@3] File [C:/Projects/Unreal Projects/MetroV2/Saved/Config/Windows/Scalability.ini]
[2019.07.04-23.06.49:828][  0]LogConfig: Setting CVar [[r.TranslucencyLightingVolumeDim:64]]
[2019.07.04-23.06.49:828][  0]LogConfig: Setting CVar [[r.RefractionQuality:2]]
[2019.07.04-23.06.49:828][  0]LogConfig: Setting CVar [[r.SSR.Quality:3]]
[2019.07.04-23.06.49:828][  0]LogConfig: Setting CVar [[r.SceneColorFormat:4]]
[2019.07.04-23.06.49:828][  0]LogConfig: Setting CVar [[r.DetailMode:2]]
[2019.07.04-23.06.49:828][  0]LogConfig: Setting CVar [[r.TranslucencyVolumeBlur:1]]
[2019.07.04-23.06.49:828][  0]LogConfig: Setting CVar [[r.MaterialQualityLevel:1 ; High quality]]
[2019.07.04-23.06.49:828][  0]LogConfig: Setting CVar [[r.SSS.Scale:1]]
[2019.07.04-23.06.49:828][  0]LogConfig: Setting CVar [[r.SSS.SampleSet:2]]
[2019.07.04-23.06.49:828][  0]LogConfig: Setting CVar [[r.SSS.Quality:1]]
[2019.07.04-23.06.49:828][  0]LogConfig: Setting CVar [[r.SSS.HalfRes:1]]
[2019.07.04-23.06.49:828][  0]LogConfig: Setting CVar [[r.EmitterSpawnRateScale:1.0]]
[2019.07.04-23.06.49:828][  0]LogConfig: Setting CVar [[r.ParticleLightQuality:2]]
[2019.07.04-23.06.49:828][  0]LogConfig: Applying CVar settings from Section [FoliageQuality@3] File [C:/Projects/Unreal Projects/MetroV2/Saved/Config/Windows/Scalability.ini]
[2019.07.04-23.06.49:828][  0]LogConfig: Setting CVar [[foliage.DensityScale:1.0]]
[2019.07.04-23.06.49:828][  0]LogConfig: Setting CVar [[grass.DensityScale:1.0]]
[2019.07.04-23.06.49:828][  0]LogInit: Selected Device Profile: [Windows]
[2019.07.04-23.06.49:828][  0]LogInit: Applying CVar settings loaded from the selected device profile: [Windows]
[2019.07.04-23.06.49:923][  0]LogHAL: Display: Platform has ~ 16 GB [17137942528 / 17179869184 / 16], which maps to Larger [LargestMinGB=32, LargerMinGB=12, DefaultMinGB=8, SmallerMinGB=6, SmallestMinGB=0)
[2019.07.04-23.06.49:923][  0]LogConfig: Setting CVar [[r.Vulkan.UseRealUBs:0		; Required until we fix HLR fall-out]]
[2019.07.04-23.06.49:923][  0]LogInit: Going up to parent DeviceProfile []
[2019.07.04-23.06.49:923][  0]LogConfig: Applying CVar settings from Section [ViewDistanceQuality@3] File [C:/Projects/Unreal Projects/MetroV2/Saved/Config/Windows/Scalability.ini]
[2019.07.04-23.06.49:923][  0]LogConfig: Setting CVar [[r.SkeletalMeshLODBias:0]]
[2019.07.04-23.06.49:923][  0]LogConfig: Setting CVar [[r.ViewDistanceScale:1.0]]
[2019.07.04-23.06.49:923][  0]LogConfig: Applying CVar settings from Section [AntiAliasingQuality@3] File [C:/Projects/Unreal Projects/MetroV2/Saved/Config/Windows/Scalability.ini]
[2019.07.04-23.06.49:923][  0]LogConfig: Setting CVar [[r.PostProcessAAQuality:4]]
[2019.07.04-23.06.49:924][  0]LogConfig: Applying CVar settings from Section [ShadowQuality@3] File [C:/Projects/Unreal Projects/MetroV2/Saved/Config/Windows/Scalability.ini]
[2019.07.04-23.06.49:924][  0]LogConfig: Setting CVar [[r.LightFunctionQuality:1]]
[2019.07.04-23.06.49:924][  0]LogConfig: Setting CVar [[r.ShadowQuality:5]]
[2019.07.04-23.06.49:924][  0]LogConfig: Setting CVar [[r.Shadow.CSM.MaxCascades:10]]
[2019.07.04-23.06.49:924][  0]LogConfig: Setting CVar [[r.Shadow.MaxResolution:2048]]
[2019.07.04-23.06.49:924][  0]LogConfig: Setting CVar [[r.Shadow.MaxCSMResolution:2048]]
[2019.07.04-23.06.49:924][  0]LogConfig: Setting CVar [[r.Shadow.RadiusThreshold:0.01]]
[2019.07.04-23.06.49:924][  0]LogConfig: Setting CVar [[r.Shadow.DistanceScale:1.0]]
[2019.07.04-23.06.49:924][  0]LogConfig: Setting CVar [[r.Shadow.CSM.TransitionScale:1.0]]
[2019.07.04-23.06.49:924][  0]LogConfig: Setting CVar [[r.Shadow.PreShadowResolutionFactor:1.0]]
[2019.07.04-23.06.49:924][  0]LogConfig: Setting CVar [[r.DistanceFieldShadowing:1]]
[2019.07.04-23.06.49:924][  0]LogConfig: Setting CVar [[r.DistanceFieldAO:1]]
[2019.07.04-23.06.49:924][  0]LogConfig: Setting CVar [[r.AOQuality:2]]
[2019.07.04-23.06.49:924][  0]LogConfig: Setting CVar [[r.VolumetricFog:1]]
[2019.07.04-23.06.49:924][  0]LogConfig: Setting CVar [[r.VolumetricFog.GridPixelSize:8]]
[2019.07.04-23.06.49:924][  0]LogConfig: Setting CVar [[r.VolumetricFog.GridSizeZ:128]]
[2019.07.04-23.06.49:924][  0]LogConfig: Setting CVar [[r.VolumetricFog.HistoryMissSupersampleCount:4]]
[2019.07.04-23.06.49:924][  0]LogConfig: Setting CVar [[r.LightMaxDrawDistanceScale:1]]
[2019.07.04-23.06.49:924][  0]LogConfig: Setting CVar [[r.CapsuleShadows:1]]
[2019.07.04-23.06.49:924][  0]LogConfig: Applying CVar settings from Section [PostProcessQuality@3] File [C:/Projects/Unreal Projects/MetroV2/Saved/Config/Windows/Scalability.ini]
[2019.07.04-23.06.49:924][  0]LogConfig: Setting CVar [[r.MotionBlurQuality:4]]
[2019.07.04-23.06.49:924][  0]LogConfig: Setting CVar [[r.AmbientOcclusionMipLevelFactor:0.4]]
[2019.07.04-23.06.49:924][  0]LogConfig: Setting CVar [[r.AmbientOcclusionMaxQuality:100]]
[2019.07.04-23.06.49:924][  0]LogConfig: Setting CVar [[r.AmbientOcclusionLevels:-1]]
[2019.07.04-23.06.49:924][  0]LogConfig: Setting CVar [[r.AmbientOcclusionRadiusScale:1.0]]
[2019.07.04-23.06.49:924][  0]LogConfig: Setting CVar [[r.DepthOfFieldQuality:2]]
[2019.07.04-23.06.49:924][  0]LogConfig: Setting CVar [[r.RenderTargetPoolMin:400]]
[2019.07.04-23.06.49:924][  0]LogConfig: Setting CVar [[r.LensFlareQuality:2]]
[2019.07.04-23.06.49:924][  0]LogConfig: Setting CVar [[r.SceneColorFringeQuality:1]]
[2019.07.04-23.06.49:924][  0]LogConfig: Setting CVar [[r.EyeAdaptationQuality:2]]
[2019.07.04-23.06.49:924][  0]LogConfig: Setting CVar [[r.BloomQuality:5]]
[2019.07.04-23.06.49:924][  0]LogConfig: Setting CVar [[r.FastBlurThreshold:100]]
[2019.07.04-23.06.49:924][  0]LogConfig: Setting CVar [[r.Upscale.Quality:3]]
[2019.07.04-23.06.49:924][  0]LogConfig: Setting CVar [[r.Tonemapper.GrainQuantization:1]]
[2019.07.04-23.06.49:924][  0]LogConfig: Setting CVar [[r.LightShaftQuality:1]]
[2019.07.04-23.06.49:924][  0]LogConfig: Setting CVar [[r.Filter.SizeScale:1]]
[2019.07.04-23.06.49:924][  0]LogConfig: Setting CVar [[r.Tonemapper.Quality:5]]
[2019.07.04-23.06.49:924][  0]LogConfig: Setting CVar [[r.DOF.Gather.AccumulatorQuality:1        ; higher gathering accumulator quality]]
[2019.07.04-23.06.49:924][  0]LogConfig: Setting CVar [[r.DOF.Gather.PostfilterMethod:1          ; Median3x3 postfilering method]]
[2019.07.04-23.06.49:924][  0]LogConfig: Setting CVar [[r.DOF.Gather.EnableBokehSettings:0       ; no bokeh simulation when gathering]]
[2019.07.04-23.06.49:924][  0]LogConfig: Setting CVar [[r.DOF.Gather.RingCount:4                 ; medium number of samples when gathering]]
[2019.07.04-23.06.49:924][  0]LogConfig: Setting CVar [[r.DOF.Scatter.ForegroundCompositing:1    ; additive foreground scattering]]
[2019.07.04-23.06.49:924][  0]LogConfig: Setting CVar [[r.DOF.Scatter.BackgroundCompositing:2    ; additive background scattering]]
[2019.07.04-23.06.49:924][  0]LogConfig: Setting CVar [[r.DOF.Scatter.EnableBokehSettings:1      ; bokeh simulation when scattering]]
[2019.07.04-23.06.49:924][  0]LogConfig: Setting CVar [[r.DOF.Scatter.MaxSpriteRatio:0.1         ; only a maximum of 10% of scattered bokeh]]
[2019.07.04-23.06.49:924][  0]LogConfig: Setting CVar [[r.DOF.Recombine.Quality:1                ; cheap slight out of focus]]
[2019.07.04-23.06.49:924][  0]LogConfig: Setting CVar [[r.DOF.Recombine.EnableBokehSettings:0    ; no bokeh simulation on slight out of focus]]
[2019.07.04-23.06.49:924][  0]LogConfig: Setting CVar [[r.DOF.TemporalAAQuality:1                ; more stable temporal accumulation]]
[2019.07.04-23.06.49:924][  0]LogConfig: Setting CVar [[r.DOF.Kernel.MaxForegroundRadius:0.025]]
[2019.07.04-23.06.49:924][  0]LogConfig: Setting CVar [[r.DOF.Kernel.MaxBackgroundRadius:0.025]]
[2019.07.04-23.06.49:924][  0]LogConfig: Applying CVar settings from Section [TextureQuality@3] File [C:/Projects/Unreal Projects/MetroV2/Saved/Config/Windows/Scalability.ini]
[2019.07.04-23.06.49:924][  0]LogConfig: Setting CVar [[r.Streaming.MipBias:0]]
[2019.07.04-23.06.49:924][  0]LogConfig: Setting CVar [[r.Streaming.AmortizeCPUToGPUCopy:0]]
[2019.07.04-23.06.49:924][  0]LogConfig: Setting CVar [[r.Streaming.MaxNumTexturesToStreamPerFrame:0]]
[2019.07.04-23.06.49:924][  0]LogConfig: Setting CVar [[r.Streaming.Boost:1]]
[2019.07.04-23.06.49:924][  0]LogConfig: Setting CVar [[r.MaxAnisotropy:8]]
[2019.07.04-23.06.49:924][  0]LogConfig: Setting CVar [[r.Streaming.LimitPoolSizeToVRAM:0]]
[2019.07.04-23.06.49:924][  0]LogConfig: Setting CVar [[r.Streaming.PoolSize:1000]]
[2019.07.04-23.06.49:924][  0]LogConfig: Setting CVar [[r.Streaming.MaxEffectiveScreenSize:0]]
[2019.07.04-23.06.49:924][  0]LogConfig: Applying CVar settings from Section [EffectsQuality@3] File [C:/Projects/Unreal Projects/MetroV2/Saved/Config/Windows/Scalability.ini]
[2019.07.04-23.06.49:924][  0]LogConfig: Setting CVar [[r.TranslucencyLightingVolumeDim:64]]
[2019.07.04-23.06.49:924][  0]LogConfig: Setting CVar [[r.RefractionQuality:2]]
[2019.07.04-23.06.49:924][  0]LogConfig: Setting CVar [[r.SSR.Quality:3]]
[2019.07.04-23.06.49:924][  0]LogConfig: Setting CVar [[r.SceneColorFormat:4]]
[2019.07.04-23.06.49:924][  0]LogConfig: Setting CVar [[r.DetailMode:2]]
[2019.07.04-23.06.49:924][  0]LogConfig: Setting CVar [[r.TranslucencyVolumeBlur:1]]
[2019.07.04-23.06.49:924][  0]LogConfig: Setting CVar [[r.MaterialQualityLevel:1 ; High quality]]
[2019.07.04-23.06.49:924][  0]LogConfig: Setting CVar [[r.SSS.Scale:1]]
[2019.07.04-23.06.49:924][  0]LogConfig: Setting CVar [[r.SSS.SampleSet:2]]
[2019.07.04-23.06.49:924][  0]LogConfig: Setting CVar [[r.SSS.Quality:1]]
[2019.07.04-23.06.49:924][  0]LogConfig: Setting CVar [[r.SSS.HalfRes:1]]
[2019.07.04-23.06.49:924][  0]LogConfig: Setting CVar [[r.EmitterSpawnRateScale:1.0]]
[2019.07.04-23.06.49:924][  0]LogConfig: Setting CVar [[r.ParticleLightQuality:2]]
[2019.07.04-23.06.49:924][  0]LogConfig: Applying CVar settings from Section [FoliageQuality@3] File [C:/Projects/Unreal Projects/MetroV2/Saved/Config/Windows/Scalability.ini]
[2019.07.04-23.06.49:924][  0]LogConfig: Setting CVar [[foliage.DensityScale:1.0]]
[2019.07.04-23.06.49:924][  0]LogConfig: Setting CVar [[grass.DensityScale:1.0]]
[2019.07.04-23.06.49:924][  0]LogConfig: Applying CVar settings from Section [Startup] File [../../../Engine/Config/ConsoleVariables.ini]
[2019.07.04-23.06.49:939][  0]LogConfig: Setting CVar [[net.UseAdaptiveNetUpdateFrequency:0]]
[2019.07.04-23.06.49:939][  0]LogConfig: Setting CVar [[p.chaos.AllowCreatePhysxBodies:1]]
[2019.07.04-23.06.49:939][  0]LogConfig: Applying CVar settings from Section [ConsoleVariables] File [C:/Projects/Unreal Projects/MetroV2/Saved/Config/Windows/Engine.ini]
[2019.07.04-23.06.49:939][  0]LogInit: Computer: DESKTOP-U94QL2V
[2019.07.04-23.06.49:939][  0]LogInit: User: bobal
[2019.07.04-23.06.49:939][  0]LogInit: CPU Page size=4096, Cores=4
[2019.07.04-23.06.49:939][  0]LogInit: High frequency timer resolution =10.000000 MHz
[2019.07.04-23.06.49:939][  0]LogMemory: Memory total: Physical=16.0GB (16GB approx)
[2019.07.04-23.06.49:939][  0]LogMemory: Platform Memory Stats for Windows
[2019.07.04-23.06.49:939][  0]LogMemory: Process Physical Memory: 97.16 MB used, 97.17 MB peak
[2019.07.04-23.06.49:939][  0]LogMemory: Process Virtual Memory: 91.74 MB used, 91.74 MB peak
[2019.07.04-23.06.49:939][  0]LogMemory: Physical Memory: 3276.88 MB used,  13067.14 MB free, 16344.02 MB total
[2019.07.04-23.06.49:939][  0]LogMemory: Virtual Memory: 4651.95 MB used,  134213072.00 MB free, 134217728.00 MB total
[2019.07.04-23.06.51:949][  0]LogInit: Using OS detected language (en-US).
[2019.07.04-23.06.51:949][  0]LogInit: Using OS detected locale (en-US).
[2019.07.04-23.06.52:157][  0]LogTextLocalizationManager: No specific localization for 'en-US' exists, so the 'en' localization will be used.
[2019.07.04-23.06.54:421][  0]LogInit: Setting process to per monitor DPI aware
[2019.07.04-23.06.55:435][  0]LogSlate: New Slate User Created.  User Index 0, Is Virtual User: 0
[2019.07.04-23.06.55:435][  0]LogSlate: Slate User Registered.  User Index 0, Is Virtual User: 0
[2019.07.04-23.07.04:262][  0]LogHMD: Failed to initialize OpenVR with code 110
[2019.07.04-23.07.04:262][  0]LogD3D11RHI: D3D11 adapters:
[2019.07.04-23.07.04:323][  0]LogD3D11RHI:    0. 'NVIDIA GeForce GTX 1070' (Feature Level 11_0)
[2019.07.04-23.07.04:323][  0]LogD3D11RHI:       8096/0/8172 MB DedicatedVideo/DedicatedSystem/SharedSystem, Outputs:2, VendorId:0x10de
[2019.07.04-23.07.04:326][  0]LogD3D11RHI:    1. 'Microsoft Basic Render Driver' (Feature Level 11_0)
[2019.07.04-23.07.04:326][  0]LogD3D11RHI:       0/0/8172 MB DedicatedVideo/DedicatedSystem/SharedSystem, Outputs:0, VendorId:0x1414
[2019.07.04-23.07.04:326][  0]LogD3D11RHI: Chosen D3D11 Adapter: 0
[2019.07.04-23.07.04:332][  0]LogD3D11RHI: Creating new Direct3DDevice
[2019.07.04-23.07.04:332][  0]LogD3D11RHI:     GPU DeviceId: 0x1b81 (for the marketing name, search the web for "GPU Device Id")
[2019.07.04-23.07.04:332][  0]LogWindows: EnumDisplayDevices:
[2019.07.04-23.07.04:332][  0]LogWindows:    0. 'NVIDIA GeForce GTX 1070' (P:1 D:1)
[2019.07.04-23.07.04:332][  0]LogWindows:    1. 'NVIDIA GeForce GTX 1070' (P:0 D:1)
[2019.07.04-23.07.04:332][  0]LogWindows:    2. 'NVIDIA GeForce GTX 1070' (P:0 D:0)
[2019.07.04-23.07.04:333][  0]LogWindows:    3. 'NVIDIA GeForce GTX 1070' (P:0 D:0)
[2019.07.04-23.07.04:333][  0]LogWindows: DebugString: FoundDriverCount:4 
[2019.07.04-23.07.04:333][  0]LogD3D11RHI:     Adapter Name: NVIDIA GeForce GTX 1070
[2019.07.04-23.07.04:333][  0]LogD3D11RHI:   Driver Version: 388.13 (internal:23.21.13.8813, unified:388.13)
[2019.07.04-23.07.04:333][  0]LogD3D11RHI:      Driver Date: 10-27-2017
[2019.07.04-23.07.04:333][  0]LogRHI: Texture pool is 5667 MB (70% of 8096 MB)
[2019.07.04-23.07.04:498][  0]LogD3D11RHI: Async texture creation enabled
[2019.07.04-23.07.04:579][  0]LogRendererCore: FGlobalReadBuffer::InitRHI
[2019.07.04-23.07.04:580][  0]LogRendererCore: FGlobalReadBuffer::InitRHI
[2019.07.04-23.07.04:580][  0]LogRendererCore: FGlobalReadBuffer::InitRHI
[2019.07.04-23.07.04:594][  0]LogD3D11RHI: GPU Timing Frequency: 1000.000000 (Debug: 2 1)
[2019.07.04-23.07.06:259][  0]LogTemp: Display: Module 'AllDesktopTargetPlatform' loaded TargetPlatform 'AllDesktop'
[2019.07.04-23.07.06:317][  0]LogTemp: Display: Module 'MacClientTargetPlatform' loaded TargetPlatform 'MacClient'
[2019.07.04-23.07.06:354][  0]LogTemp: Display: Module 'MacNoEditorTargetPlatform' loaded TargetPlatform 'MacNoEditor'
[2019.07.04-23.07.06:405][  0]LogTemp: Display: Module 'MacServerTargetPlatform' loaded TargetPlatform 'MacServer'
[2019.07.04-23.07.06:534][  0]LogTemp: Display: Module 'MacTargetPlatform' loaded TargetPlatform 'Mac'
[2019.07.04-23.07.06:575][  0]LogTemp: Display: Module 'WindowsClientTargetPlatform' loaded TargetPlatform 'WindowsClient'
[2019.07.04-23.07.06:610][  0]LogTemp: Display: Module 'WindowsNoEditorTargetPlatform' loaded TargetPlatform 'WindowsNoEditor'
[2019.07.04-23.07.06:652][  0]LogTemp: Display: Module 'WindowsServerTargetPlatform' loaded TargetPlatform 'WindowsServer'
[2019.07.04-23.07.06:688][  0]LogTemp: Display: Module 'WindowsTargetPlatform' loaded TargetPlatform 'Windows'
[2019.07.04-23.07.06:909][  0]LogTemp: Display: Module 'AndroidTargetPlatform' loaded TargetPlatform 'Android'
[2019.07.04-23.07.06:909][  0]LogTemp: Display: Module 'AndroidTargetPlatform' loaded TargetPlatform 'Android_ASTC'
[2019.07.04-23.07.06:909][  0]LogTemp: Display: Module 'AndroidTargetPlatform' loaded TargetPlatform 'Android_ATC'
[2019.07.04-23.07.06:909][  0]LogTemp: Display: Module 'AndroidTargetPlatform' loaded TargetPlatform 'Android_DXT'
[2019.07.04-23.07.06:909][  0]LogTemp: Display: Module 'AndroidTargetPlatform' loaded TargetPlatform 'Android_ETC1'
[2019.07.04-23.07.06:909][  0]LogTemp: Display: Module 'AndroidTargetPlatform' loaded TargetPlatform 'Android_ETC1a'
[2019.07.04-23.07.06:909][  0]LogTemp: Display: Module 'AndroidTargetPlatform' loaded TargetPlatform 'Android_ETC2'
[2019.07.04-23.07.06:909][  0]LogTemp: Display: Module 'AndroidTargetPlatform' loaded TargetPlatform 'Android_PVRTC'
[2019.07.04-23.07.06:909][  0]LogTemp: Display: Module 'AndroidTargetPlatform' loaded TargetPlatform 'AndroidClient'
[2019.07.04-23.07.06:909][  0]LogTemp: Display: Module 'AndroidTargetPlatform' loaded TargetPlatform 'Android_ASTCClient'
[2019.07.04-23.07.06:909][  0]LogTemp: Display: Module 'AndroidTargetPlatform' loaded TargetPlatform 'Android_ATCClient'
[2019.07.04-23.07.06:909][  0]LogTemp: Display: Module 'AndroidTargetPlatform' loaded TargetPlatform 'Android_DXTClient'
[2019.07.04-23.07.06:909][  0]LogTemp: Display: Module 'AndroidTargetPlatform' loaded TargetPlatform 'Android_ETC1Client'
[2019.07.04-23.07.06:909][  0]LogTemp: Display: Module 'AndroidTargetPlatform' loaded TargetPlatform 'Android_ETC1aClient'
[2019.07.04-23.07.06:909][  0]LogTemp: Display: Module 'AndroidTargetPlatform' loaded TargetPlatform 'Android_ETC2Client'
[2019.07.04-23.07.06:909][  0]LogTemp: Display: Module 'AndroidTargetPlatform' loaded TargetPlatform 'Android_PVRTCClient'
[2019.07.04-23.07.06:909][  0]LogTemp: Display: Module 'AndroidTargetPlatform' loaded TargetPlatform 'Android_Multi'
[2019.07.04-23.07.06:909][  0]LogTemp: Display: Module 'AndroidTargetPlatform' loaded TargetPlatform 'Android_MultiClient'
[2019.07.04-23.07.06:937][  0]LogTemp: Display: Module 'HTML5TargetPlatform' loaded TargetPlatform 'HTML5'
[2019.07.04-23.07.07:163][  0]LogTemp: Display: Module 'IOSTargetPlatform' loaded TargetPlatform 'IOSClient'
[2019.07.04-23.07.07:163][  0]LogTemp: Display: Module 'IOSTargetPlatform' loaded TargetPlatform 'IOS'
[2019.07.04-23.07.07:225][  0]LogTemp: Display: Module 'TVOSTargetPlatform' loaded TargetPlatform 'TVOSClient'
[2019.07.04-23.07.07:225][  0]LogTemp: Display: Module 'TVOSTargetPlatform' loaded TargetPlatform 'TVOS'
[2019.07.04-23.07.07:263][  0]LogTemp: Display: Module 'LinuxClientTargetPlatform' loaded TargetPlatform 'LinuxClient'
[2019.07.04-23.07.07:303][  0]LogTemp: Display: Module 'LinuxNoEditorTargetPlatform' loaded TargetPlatform 'LinuxNoEditor'
[2019.07.04-23.07.07:330][  0]LogTemp: Display: Module 'LinuxServerTargetPlatform' loaded TargetPlatform 'LinuxServer'
[2019.07.04-23.07.07:400][  0]LogTemp: Display: Module 'LinuxTargetPlatform' loaded TargetPlatform 'Linux'
[2019.07.04-23.07.07:588][  0]LogTemp: Display: Module 'LuminTargetPlatform' loaded TargetPlatform 'Lumin'
[2019.07.04-23.07.07:588][  0]LogTemp: Display: Module 'LuminTargetPlatform' loaded TargetPlatform 'LuminClient'
[2019.07.04-23.07.07:588][  0]LogTargetPlatformManager: Display: Building Assets For Windows
[2019.07.04-23.07.07:910][  0]LogAudioDebug: Display: Lib vorbis DLL was dynamically loaded.
[2019.07.04-23.07.08:791][  0]LogShaderCompilers: Guid format shader working directory is -4 characters bigger than the processId version (../../../../../../Projects/Unreal Projects/MetroV2/Intermediate/Shaders/WorkingDirectory/8008/).
[2019.07.04-23.07.08:792][  0]LogShaderCompilers: Cleaned the shader compiler working directory 'C:/Users/bobal/AppData/Local/Temp/UnrealShaderWorkingDir/95E640D643B5D61BEA4C6CBDECE04876/'.
[2019.07.04-23.07.08:794][  0]LogXGEController: Cleaning working directory: C:/Users/bobal/AppData/Local/Temp/UnrealXGEWorkingDir/
[2019.07.04-23.07.08:794][  0]LogXGEController: Cannot use XGE Controller as Incredibuild is not installed on this machine.
[2019.07.04-23.07.08:794][  0]LogShaderCompilers: Cannot use XGE Shader Compiler as Incredibuild is not installed on this machine.
[2019.07.04-23.07.08:794][  0]LogShaderCompilers: Display: Using Local Shader Compiler.
[2019.07.04-23.07.19:737][  0]LogDerivedDataCache: Display: Max Cache Size: 512 MB
[2019.07.04-23.07.20:664][  0]LogDerivedDataCache: Loaded boot cache 0.90s 71MB C:/Users/bobal/AppData/Local/UnrealEngine/4.22/DerivedDataCache/Boot.ddc.
[2019.07.04-23.07.20:664][  0]LogDerivedDataCache: Display: Loaded Boot cache: C:/Users/bobal/AppData/Local/UnrealEngine/4.22/DerivedDataCache/Boot.ddc
[2019.07.04-23.07.20:665][  0]LogDerivedDataCache: FDerivedDataBackendGraph:  Pak pak cache file ../../../../../../Projects/Unreal Projects/MetroV2/DerivedDataCache/DDC.ddp not found, will not use a pak cache.
[2019.07.04-23.07.20:665][  0]LogDerivedDataCache: Unable to find inner node Pak for hierarchical cache Hierarchy.
[2019.07.04-23.07.20:665][  0]LogDerivedDataCache: FDerivedDataBackendGraph:  CompressedPak pak cache file ../../../../../../Projects/Unreal Projects/MetroV2/DerivedDataCache/Compressed.ddp not found, will not use a pak cache.
[2019.07.04-23.07.20:665][  0]LogDerivedDataCache: Unable to find inner node CompressedPak for hierarchical cache Hierarchy.
[2019.07.04-23.07.21:064][  0]LogDerivedDataCache: Display: Pak cache opened for reading ../../../Engine/DerivedDataCache/Compressed.ddp.
[2019.07.04-23.07.21:064][  0]LogDerivedDataCache: FDerivedDataBackendGraph:  EnterprisePak pak cache file ../../../Enterprise/DerivedDataCache/Compressed.ddp not found, will not use a pak cache.
[2019.07.04-23.07.21:064][  0]LogDerivedDataCache: Unable to find inner node EnterprisePak for hierarchical cache Hierarchy.
[2019.07.04-23.07.21:088][  0]LogDerivedDataCache: Using Local data cache path C:/Users/bobal/AppData/Local/UnrealEngine/Common/DerivedDataCache: Writable
[2019.07.04-23.07.21:088][  0]LogDerivedDataCache: Shared data cache path not found in *engine.ini, will not use an Shared cache.
[2019.07.04-23.07.21:088][  0]LogDerivedDataCache: Unable to find inner node Shared for hierarchical cache Hierarchy.
[2019.07.04-23.07.21:110][  0]LogMaterial: Verifying Global Shaders for PCD3D_SM5
[2019.07.04-23.07.21:111][  0]LogSlate: Using FreeType 2.6.0
[2019.07.04-23.07.21:197][  0]LogSlate: SlateFontServices - WITH_FREETYPE: 1, WITH_HARFBUZZ: 1
[2019.07.04-23.07.24:335][  0]LogAssetRegistry: FAssetRegistry took 0.0334 seconds to start up
[2019.07.04-23.07.24:991][  0]LogInit: Selected Device Profile: [Windows]
[2019.07.04-23.07.27:687][  0]LogMeshReduction: Using QuadricMeshReduction for automatic static mesh reduction
[2019.07.04-23.07.27:687][  0]LogMeshReduction: Using SimplygonMeshReduction for automatic skeletal mesh reduction
[2019.07.04-23.07.27:687][  0]LogMeshReduction: Using ProxyLODMeshReduction for automatic mesh merging
[2019.07.04-23.07.27:687][  0]LogMeshReduction: No distributed automatic mesh merging module available
[2019.07.04-23.07.27:688][  0]LogMeshMerging: No distributed automatic mesh merging module available
[2019.07.04-23.07.28:105][  0]LogNetVersion: MetroV2 1.0.0, NetCL: 5660361, EngineNetVer: 10, GameNetVer: 0 (Checksum: 3550338115)
[2019.07.04-23.07.33:655][  0]LogAssetRegistry: Error: Failed to open file for write ../../../../../../Projects/Unreal Projects/MetroV2/Intermediate/CachedAssetRegistry.bin
[2019.07.04-23.07.33:655][  0]LogAssetRegistry: Error: Failed to open file for write ../../../../../../Projects/Unreal Projects/MetroV2/Intermediate/AssetRegistryCache/8c0e1344.bin
[2019.07.04-23.07.33:682][  0]LogAssetRegistry: Error: Failed to open file for write ../../../../../../Projects/Unreal Projects/MetroV2/Intermediate/AssetRegistryCache/6bead350.bin
[2019.07.04-23.07.33:691][  0]LogAssetRegistry: Error: Failed to open file for write ../../../../../../Projects/Unreal Projects/MetroV2/Intermediate/AssetRegistryCache/50a675f9.bin
[2019.07.04-23.07.33:709][  0]LogAssetRegistry: Error: Failed to open file for write ../../../../../../Projects/Unreal Projects/MetroV2/Intermediate/AssetRegistryCache/52ed2538.bin
[2019.07.04-23.07.33:729][  0]LogAssetRegistry: Error: Failed to open file for write ../../../../../../Projects/Unreal Projects/MetroV2/Intermediate/AssetRegistryCache/f0d5030c.bin
[2019.07.04-23.07.33:736][  0]LogPackageLocalizationCache: Processed 10 localized package path(s) for 1 prioritized culture(s) in 0.143485 seconds
[2019.07.04-23.07.33:742][  0]LogUObjectArray: 42205 objects as part of root set at end of initial load.
[2019.07.04-23.07.33:742][  0]LogUObjectAllocator: 7325032 out of 0 bytes used by permanent object pool.
[2019.07.04-23.07.33:742][  0]LogUObjectArray: CloseDisregardForGC: 0/0 objects in disregard for GC pool
[2019.07.04-23.08.22:168][  0]LogTcpMessaging: Initializing TcpMessaging bridge
[2019.07.04-23.08.22:212][  0]LogUdpMessaging: Initializing bridge on interface 0.0.0.0:0 to multicast group 230.0.0.1:6666.
[2019.07.04-23.08.23:281][  0]SourceControl: Source control is disabled
[2019.07.04-23.08.23:281][  0]SourceControl: Source control is disabled
[2019.07.04-23.08.23:597][  0]SourceControl: Source control is disabled
[2019.07.04-23.08.23:733][  0]SourceControl: Source control is disabled
[2019.07.04-23.08.25:659][  0]LogAndroidPermission: UAndroidPermissionCallbackProxy::GetInstance
[2019.07.04-23.08.26:554][  0]LogOcInput: OculusInput pre-init called
[2019.07.04-23.08.28:029][  0]LogEngine: Initializing Engine...
[2019.07.04-23.08.28:030][  0]LogHMD: Failed to initialize OpenVR with code 110
[2019.07.04-23.08.28:031][  0]LogStats: UGameplayTagsManager::InitializeManager -  0.000 s
[2019.07.04-23.08.29:247][  0]LogInit: Initializing FReadOnlyCVARCache
[2019.07.04-23.08.29:479][  0]LogAIModule: Creating AISystem for world Untitled
[2019.07.04-23.08.29:539][  0]LogInit: XAudio2 using 'Speakers (Realtek High Definition Audio)' : 2 channels at 48 kHz using 32 bits per sample (channel mask 0x3)
[2019.07.04-23.08.29:606][  0]LogInit: FAudioDevice initialized.
[2019.07.04-23.08.29:606][  0]LogNetVersion: Set ProjectVersion to 1.0.0.0. Version Checksum will be recalculated on next use.
[2019.07.04-23.08.30:959][  0]LogDerivedDataCache: Saved boot cache 1.35s 71MB C:/Users/bobal/AppData/Local/UnrealEngine/4.22/DerivedDataCache/Boot.ddc.
[2019.07.04-23.08.30:966][  0]LogInit: Texture streaming: Enabled
[2019.07.04-23.08.30:988][  0]LogEngineSessionManager: EngineSessionManager initialized
[2019.07.04-23.08.31:015][  0]LogInit: Transaction tracking system initialized
[2019.07.04-23.08.31:225][  0]BlueprintLog: New page: Editor Load
[2019.07.04-23.08.34:207][  0]LocalizationService: Localization service is disabled
[2019.07.04-23.08.38:931][  0]LogCook: Display: Max memory allowance for cook 16384mb min free memory 0mb
[2019.07.04-23.08.38:931][  0]LogCook: Display: Mobile HDR setting 1
[2019.07.04-23.08.39:710][  0]LogFileCache: Scanning file cache for directory 'C:/Projects/Unreal Projects/MetroV2/Content/' took 0.07s
[2019.07.04-23.08.45:606][  0]SourceControl: Source control is disabled
[2019.07.04-23.08.45:607][  0]Cmd: MAP LOAD FILE="../../../../../../Projects/Unreal Projects/MetroV2/Content/ThirdPersonBP/Maps/ThirdPersonExampleMap.umap" TEMPLATE=0 SHOWPROGRESS=1 FEATURELEVEL=3
[2019.07.04-23.08.45:713][  0]LightingResults: New page: Lighting Build
[2019.07.04-23.08.45:718][  0]MapCheck: New page: Map Check
[2019.07.04-23.08.45:718][  0]LightingResults: New page: Lighting Build
[2019.07.04-23.08.45:810][  0]LogUObjectHash: Compacting FUObjectHashTables data took   1.47ms
[2019.07.04-23.08.52:839][  0]LogAIModule: Creating AISystem for world ThirdPersonExampleMap
[2019.07.04-23.08.53:090][  0]LogEditorServer: Finished looking for orphan Actors (0.000 secs)
[2019.07.04-23.08.53:135][  0]LogUObjectHash: Compacting FUObjectHashTables data took   3.14ms
[2019.07.04-23.08.53:136][  0]Cmd: MAP CHECKDEP NOCLEARLOG
[2019.07.04-23.08.53:136][  0]MapCheck: Map check complete: 0 Error(s), 0 Warning(s), took 0.154ms to complete.
[2019.07.04-23.08.53:136][  0]LogFileHelpers: Loading map 'ThirdPersonExampleMap' took 7.529
[2019.07.04-23.08.54:258][  0]LogSlate: Updating window title bar state: overlay mode, drag disabled, window buttons hidden, title bar hidden
[2019.07.04-23.08.54:274][  0]LogSlate: Updating window title bar state: overlay mode, drag disabled, window buttons hidden, title bar hidden
[2019.07.04-23.08.54:284][  0]LogSlate: Updating window title bar state: overlay mode, drag disabled, window buttons hidden, title bar hidden
[2019.07.04-23.08.54:292][  0]LogSlate: Updating window title bar state: overlay mode, drag disabled, window buttons hidden, title bar hidden
[2019.07.04-23.08.54:338][  0]LogCollectionManager: Loaded 0 collections in 0.002143 seconds
[2019.07.04-23.08.54:355][  0]LogFileCache: Scanning file cache for directory 'C:/Projects/Unreal Projects/MetroV2/Saved/Collections/' took 0.01s
[2019.07.04-23.08.54:355][  0]LogFileCache: Scanning file cache for directory 'C:/Projects/Unreal Projects/MetroV2/Content/Developers/bobal/Collections/' took 0.00s
[2019.07.04-23.08.54:355][  0]LogFileCache: Scanning file cache for directory 'C:/Projects/Unreal Projects/MetroV2/Content/Collections/' took 0.00s
[2019.07.04-23.08.54:355][  0]LogCollectionManager: Rebuilt the GUID cache for 0 collections in 0.000000 seconds
[2019.07.04-23.08.54:363][  0]LogContentBrowser: Native class hierarchy populated in 0.0080 seconds. Added 2732 classes and 659 folders.
[2019.07.04-23.08.54:370][  0]LogContentBrowser: Native class hierarchy updated for 'WidgetCarousel' in 0.0003 seconds. Added 0 classes and 0 folders.
[2019.07.04-23.08.54:645][  0]LogPakFile: Registered encryption key '00000000000000000000000000000000': 0 pak files mounted, 0 remain pending
[2019.07.04-23.08.54:691][  0]LogPakFile: Registered encryption key '00000000000000000000000000000000': 0 pak files mounted, 0 remain pending
[2019.07.04-23.08.54:717][  0]LogPakFile: Registered encryption key '00000000000000000000000000000000': 0 pak files mounted, 0 remain pending
[2019.07.04-23.08.54:728][  0]LogPakFile: Registered encryption key '00000000000000000000000000000000': 0 pak files mounted, 0 remain pending
[2019.07.04-23.08.54:772][  0]LogPakFile: Registered encryption key '00000000000000000000000000000000': 0 pak files mounted, 0 remain pending
[2019.07.04-23.08.54:835][  0]LogPakFile: Registered encryption key '00000000000000000000000000000000': 0 pak files mounted, 0 remain pending
[2019.07.04-23.08.54:869][  0]LogPakFile: Registered encryption key '00000000000000000000000000000000': 0 pak files mounted, 0 remain pending
[2019.07.04-23.08.54:892][  0]LogPakFile: Registered encryption key '00000000000000000000000000000000': 0 pak files mounted, 0 remain pending
[2019.07.04-23.08.54:915][  0]LogPakFile: Registered encryption key '00000000000000000000000000000000': 0 pak files mounted, 0 remain pending
[2019.07.04-23.08.54:975][  0]LogPakFile: Registered encryption key '00000000000000000000000000000000': 0 pak files mounted, 0 remain pending
[2019.07.04-23.08.55:002][  0]LogPakFile: Registered encryption key '00000000000000000000000000000000': 0 pak files mounted, 0 remain pending
[2019.07.04-23.08.55:028][  0]LogPakFile: Registered encryption key '00000000000000000000000000000000': 0 pak files mounted, 0 remain pending
[2019.07.04-23.08.55:068][  0]LogPakFile: Registered encryption key '00000000000000000000000000000000': 0 pak files mounted, 0 remain pending
[2019.07.04-23.08.55:095][  0]LogPakFile: Registered encryption key '00000000000000000000000000000000': 0 pak files mounted, 0 remain pending
[2019.07.04-23.08.55:118][  0]LogPakFile: Registered encryption key '00000000000000000000000000000000': 0 pak files mounted, 0 remain pending
[2019.07.04-23.08.55:168][  0]LogPakFile: Registered encryption key '00000000000000000000000000000000': 0 pak files mounted, 0 remain pending
[2019.07.04-23.08.55:205][  0]LogPakFile: Registered encryption key '00000000000000000000000000000000': 0 pak files mounted, 0 remain pending
[2019.07.04-23.08.55:266][  0]LogPakFile: Registered encryption key '00000000000000000000000000000000': 0 pak files mounted, 0 remain pending
[2019.07.04-23.08.55:342][  0]LogPakFile: Registered encryption key '00000000000000000000000000000000': 0 pak files mounted, 0 remain pending
[2019.07.04-23.08.55:389][  0]LogPakFile: Registered encryption key '00000000000000000000000000000000': 0 pak files mounted, 0 remain pending
[2019.07.04-23.08.55:414][  0]LogPakFile: Registered encryption key '00000000000000000000000000000000': 0 pak files mounted, 0 remain pending
[2019.07.04-23.08.55:444][  0]LogPakFile: Registered encryption key '00000000000000000000000000000000': 0 pak files mounted, 0 remain pending
[2019.07.04-23.08.55:482][  0]LogPakFile: Registered encryption key '00000000000000000000000000000000': 0 pak files mounted, 0 remain pending
[2019.07.04-23.08.55:513][  0]LogPakFile: Registered encryption key '00000000000000000000000000000000': 0 pak files mounted, 0 remain pending
[2019.07.04-23.08.55:557][  0]LogPakFile: Registered encryption key '00000000000000000000000000000000': 0 pak files mounted, 0 remain pending
[2019.07.04-23.08.55:620][  0]LogPakFile: Registered encryption key '00000000000000000000000000000000': 0 pak files mounted, 0 remain pending
[2019.07.04-23.08.58:622][  0]LogContentBrowser: Native class hierarchy updated for 'AddContentDialog' in 0.0006 seconds. Added 0 classes and 0 folders.
[2019.07.04-23.08.58:718][  0]LogContentBrowser: Native class hierarchy updated for 'SceneOutliner' in 0.0003 seconds. Added 1 classes and 2 folders.
[2019.07.04-23.08.58:884][  0]LogSlate: Took 0.064652 seconds to synchronously load lazily loaded font '../../../Engine/Content/Slate/Fonts/Roboto-Regular.ttf' (155K)
[2019.07.04-23.08.58:969][  0]LogSlate: Took 0.083525 seconds to synchronously load lazily loaded font '../../../Engine/Content/Slate/Fonts/Roboto-Bold.ttf' (160K)
[2019.07.04-23.08.59:028][  0]LogSlate: Took 0.054806 seconds to synchronously load lazily loaded font '../../../Engine/Content/Editor/Slate/Fonts/FontAwesome.ttf' (139K)
[2019.07.04-23.08.59:605][  0]LogRenderer: Reallocating scene render targets to support 1208x572 Format 10 NumSamples 1 (Frame:1).
[2019.07.04-23.09.00:124][  0]LogContentBrowser: Native class hierarchy updated for 'HierarchicalLODOutliner' in 0.0004 seconds. Added 0 classes and 0 folders.
[2019.07.04-23.09.00:124][  0]LogLoad: (Engine Initialization) Total time: 209.70 seconds
[2019.07.04-23.09.00:124][  0]LogLoad: (Engine Initialization) Total Blueprint compile time: 0.00 seconds
[2019.07.04-23.09.00:199][  0]LogAssetRegistry: Asset discovery search completed in 95.8874 seconds
[2019.07.04-23.09.00:201][  0]LogCollectionManager: Rebuilt the object cache for 0 collections in 0.000000 seconds (found 0 objects)
[2019.07.04-23.09.00:202][  0]LogCollectionManager: Fixed up redirectors for 0 collections in 0.000042 seconds (updated 0 objects)
[2019.07.04-23.09.00:203][  0]LogContentStreaming: Texture pool size now 1000 MB
[2019.07.04-23.09.00:358][  0]LogSlate: Took 0.027166 seconds to synchronously load lazily loaded font '../../../Engine/Content/Slate/Fonts/Roboto-Light.ttf' (167K)
[2019.07.04-23.15.12:111][ 77]LogSlate: FSceneViewport::OnFocusLost() reason 0
[2019.07.04-23.15.12:120][ 77]LogSlate: Took 0.004897 seconds to synchronously load lazily loaded font '../../../Engine/Content/Slate/Fonts/Roboto-Light.ttf' (167K)
[2019.07.04-23.15.12:126][ 77]LogAssetEditorManager: Opening Asset editor for Blueprint /Game/Blueprints/Weapons/AK/Weapon_Base.Weapon_Base
[2019.07.04-23.15.12:445][ 77]LogContentBrowser: Native class hierarchy updated for 'BlueprintGraph' in 0.0005 seconds. Added 121 classes and 0 folders.
[2019.07.04-23.15.13:253][ 77]LogSlate: Took 0.003331 seconds to synchronously load lazily loaded font '../../../Engine/Content/Slate/Fonts/Roboto-BoldCondensed.ttf' (158K)
[2019.07.04-23.15.13:346][ 78]LogSlate: Took 0.005995 seconds to synchronously load lazily loaded font '../../../Engine/Content/Slate/Fonts/Roboto-Italic.ttf' (157K)
[2019.07.04-23.15.14:666][228]LogSlate: Window 'Weapon_Base' being destroyed
[2019.07.04-23.15.14:669][228]LogSlate: Window 'Weapon_Base' being destroyed
[2019.07.04-23.15.31:795][667]LogAssetEditorManager: Opening Asset editor for Blueprint /Game/Blueprints/Weapons/AK/Weapon_Base.Weapon_Base
[2019.07.04-23.16.45:008][775]BlueprintLog: New page: Compile Weapon_Base
[2019.07.04-23.16.45:203][775]LogUObjectHash: Compacting FUObjectHashTables data took   3.40ms
[2019.07.04-23.16.53:432][701]BlueprintLog: New page: Compile Weapon_Base
[2019.07.04-23.16.53:587][701]LogUObjectHash: Compacting FUObjectHashTables data took   2.98ms
[2019.07.04-23.17.02:055][888]LogTemp: Repeating last play command: Selected Viewport
[2019.07.04-23.17.02:077][888]LogBlueprintUserMessages: Early PlayInEditor Detection: Level '/Game/ThirdPersonBP/Maps/ThirdPersonExampleMap.ThirdPersonExampleMap:PersistentLevel' has LevelScriptBlueprint '/Game/ThirdPersonBP/Maps/ThirdPersonExampleMap.ThirdPersonExampleMap:PersistentLevel.ThirdPersonExampleMap' with GeneratedClass '/Game/ThirdPersonBP/Maps/ThirdPersonExampleMap.ThirdPersonExampleMap_C' with ClassGeneratedBy '/Game/ThirdPersonBP/Maps/ThirdPersonExampleMap.ThirdPersonExampleMap:PersistentLevel.ThirdPersonExampleMap'
[2019.07.04-23.17.02:077][888]LogPlayLevel: PlayLevel: No blueprints needed recompiling
[2019.07.04-23.17.02:077][888]PIE: New page: PIE session: ThirdPersonExampleMap (Jul 4, 2019, 9:17:02 AM)
[2019.07.04-23.17.02:090][888]LogPlayLevel: Creating play world package: /Game/ThirdPersonBP/Maps/UEDPIE_0_ThirdPersonExampleMap
[2019.07.04-23.17.02:104][888]LogPlayLevel: PIE: StaticDuplicateObject took: (0.013785s)
[2019.07.04-23.17.02:104][888]LogAIModule: Creating AISystem for world ThirdPersonExampleMap
[2019.07.04-23.17.02:105][888]LogPlayLevel: PIE: World Init took: (0.000685s)
[2019.07.04-23.17.02:105][888]LogPlayLevel: PIE: Created PIE world by copying editor world from /Game/ThirdPersonBP/Maps/ThirdPersonExampleMap.ThirdPersonExampleMap to /Game/ThirdPersonBP/Maps/UEDPIE_0_ThirdPersonExampleMap.ThirdPersonExampleMap (0.014770s)
[2019.07.04-23.17.02:139][888]LogUObjectHash: Compacting FUObjectHashTables data took   2.58ms
[2019.07.04-23.17.02:154][888]LogInit: XAudio2 using 'Speakers (Realtek High Definition Audio)' : 2 channels at 48 kHz using 32 bits per sample (channel mask 0x3)
[2019.07.04-23.17.02:172][888]LogInit: FAudioDevice initialized.
[2019.07.04-23.17.02:227][888]LogLoad: Game class is 'ThirdPersonGameMode_C'
[2019.07.04-23.17.02:230][888]LogWorld: Bringing World /Game/ThirdPersonBP/Maps/UEDPIE_0_ThirdPersonExampleMap.ThirdPersonExampleMap up for play (max tick rate 0) at 2019.07.04-16.17.02
[2019.07.04-23.17.02:230][888]LogWorld: Bringing up level for play took: 0.001832
[2019.07.04-23.17.02:248][888]LogBlueprintActionDatabase: Requesting refresh due to module change: Voice (loaded)
[2019.07.04-23.17.02:252][888]LogBlueprintActionDatabase: Requesting refresh due to module change: MovieSceneCapture (loaded)
[2019.07.04-23.17.02:252][888]LogContentBrowser: Native class hierarchy updated for 'MovieSceneCapture' in 0.0003 seconds. Added 20 classes and 0 folders.
[2019.07.04-23.17.02:254][888]PIE: Play in editor start time for /Game/ThirdPersonBP/Maps/UEDPIE_0_ThirdPersonExampleMap 0.128
[2019.07.04-23.17.02:254][888]LogBlueprintUserMessages: Late PlayInEditor Detection: Level '/Game/ThirdPersonBP/Maps/ThirdPersonExampleMap.ThirdPersonExampleMap:PersistentLevel' has LevelScriptBlueprint '/Game/ThirdPersonBP/Maps/ThirdPersonExampleMap.ThirdPersonExampleMap:PersistentLevel.ThirdPersonExampleMap' with GeneratedClass '/Game/ThirdPersonBP/Maps/ThirdPersonExampleMap.ThirdPersonExampleMap_C' with ClassGeneratedBy '/Game/ThirdPersonBP/Maps/ThirdPersonExampleMap.ThirdPersonExampleMap:PersistentLevel.ThirdPersonExampleMap'
[2019.07.04-23.17.03:414][990]LogBlueprintUserMessages: Early EndPlayMap Detection: Level '/Game/ThirdPersonBP/Maps/ThirdPersonExampleMap.ThirdPersonExampleMap:PersistentLevel' has LevelScriptBlueprint '/Game/ThirdPersonBP/Maps/ThirdPersonExampleMap.ThirdPersonExampleMap:PersistentLevel.ThirdPersonExampleMap' with GeneratedClass '/Game/ThirdPersonBP/Maps/ThirdPersonExampleMap.ThirdPersonExampleMap_C' with ClassGeneratedBy '/Game/ThirdPersonBP/Maps/ThirdPersonExampleMap.ThirdPersonExampleMap:PersistentLevel.ThirdPersonExampleMap'
[2019.07.04-23.17.03:415][990]LogSlate: Updating window title bar state: overlay mode, drag disabled, window buttons hidden, title bar hidden
[2019.07.04-23.17.03:441][990]LogPlayLevel: Display: Shutting down PIE online subsystems
[2019.07.04-23.17.03:441][990]LogBlueprintUserMessages: Late EndPlayMap Detection: Level '/Game/ThirdPersonBP/Maps/ThirdPersonExampleMap.ThirdPersonExampleMap:PersistentLevel' has LevelScriptBlueprint '/Game/ThirdPersonBP/Maps/ThirdPersonExampleMap.ThirdPersonExampleMap:PersistentLevel.ThirdPersonExampleMap' with GeneratedClass '/Game/ThirdPersonBP/Maps/ThirdPersonExampleMap.ThirdPersonExampleMap_C' with ClassGeneratedBy '/Game/ThirdPersonBP/Maps/ThirdPersonExampleMap.ThirdPersonExampleMap:PersistentLevel.ThirdPersonExampleMap'
[2019.07.04-23.17.03:484][990]LogSlate: Updating window title bar state: overlay mode, drag disabled, window buttons hidden, title bar hidden
[2019.07.04-23.17.03:504][990]LogUObjectHash: Compacting FUObjectHashTables data took   4.54ms
[2019.07.04-23.17.03:522][991]LogPlayLevel: Display: Destroying online subsystem :Context_7
[2019.07.04-23.17.04:221][ 73]LogSlate: FSceneViewport::OnFocusLost() reason 2
[2019.07.04-23.17.04:265][ 73]LogUObjectHash: Compacting FUObjectHashTables data took   2.02ms
[2019.07.04-23.17.04:449][ 73]LogSavePackage: Moving '../../../../../../Projects/Unreal Projects/MetroV2/Saved/ThirdPersonExampleMap45C7627D43C289D8AF5D7EB134B0588F.tmp' to '../../../../../../Projects/Unreal Projects/MetroV2/Content/ThirdPersonBP/Maps/ThirdPersonExampleMap.umap'
[2019.07.04-23.17.04:685][ 73]LogSavePackage: Moving '../../../../../../Projects/Unreal Projects/MetroV2/Saved/ThirdPersonExampleMap_BuiltData527E01B6499CFB6D82A59EA56FFCA12D.tmp' to '../../../../../../Projects/Unreal Projects/MetroV2/Content/ThirdPersonBP/Maps/ThirdPersonExampleMap_BuiltData.uasset'
[2019.07.04-23.17.06:483][242]LogSlate: FSceneViewport::OnFocusLost() reason 2
[2019.07.04-23.17.25:891][ 16]BlueprintLog: New page: Compile Weapon_Base
[2019.07.04-23.17.26:085][ 16]LogUObjectHash: Compacting FUObjectHashTables data took   3.08ms
[2019.07.04-23.17.27:299][157]LogSlate: FSceneViewport::OnFocusLost() reason 0
[2019.07.04-23.17.27:383][167]LogTemp: Repeating last play command: Selected Viewport
[2019.07.04-23.17.27:398][167]LogBlueprintUserMessages: Early PlayInEditor Detection: Level '/Game/ThirdPersonBP/Maps/ThirdPersonExampleMap.ThirdPersonExampleMap:PersistentLevel' has LevelScriptBlueprint '/Game/ThirdPersonBP/Maps/ThirdPersonExampleMap.ThirdPersonExampleMap:PersistentLevel.ThirdPersonExampleMap' with GeneratedClass '/Game/ThirdPersonBP/Maps/ThirdPersonExampleMap.ThirdPersonExampleMap_C' with ClassGeneratedBy '/Game/ThirdPersonBP/Maps/ThirdPersonExampleMap.ThirdPersonExampleMap:PersistentLevel.ThirdPersonExampleMap'
[2019.07.04-23.17.27:398][167]LogPlayLevel: PlayLevel: No blueprints needed recompiling
[2019.07.04-23.17.27:398][167]PIE: New page: PIE session: ThirdPersonExampleMap (Jul 4, 2019, 9:17:27 AM)
[2019.07.04-23.17.27:398][167]LogPlayLevel: Creating play world package: /Game/ThirdPersonBP/Maps/UEDPIE_0_ThirdPersonExampleMap
[2019.07.04-23.17.27:409][167]LogPlayLevel: PIE: StaticDuplicateObject took: (0.010068s)
[2019.07.04-23.17.27:409][167]LogAIModule: Creating AISystem for world ThirdPersonExampleMap
[2019.07.04-23.17.27:409][167]LogPlayLevel: PIE: World Init took: (0.000591s)
[2019.07.04-23.17.27:409][167]LogPlayLevel: PIE: Created PIE world by copying editor world from /Game/ThirdPersonBP/Maps/ThirdPersonExampleMap.ThirdPersonExampleMap to /Game/ThirdPersonBP/Maps/UEDPIE_0_ThirdPersonExampleMap.ThirdPersonExampleMap (0.010806s)
[2019.07.04-23.17.27:445][167]LogUObjectHash: Compacting FUObjectHashTables data took   3.45ms
[2019.07.04-23.17.27:459][167]LogInit: XAudio2 using 'Speakers (Realtek High Definition Audio)' : 2 channels at 48 kHz using 32 bits per sample (channel mask 0x3)
[2019.07.04-23.17.27:477][167]LogInit: FAudioDevice initialized.
[2019.07.04-23.17.27:509][167]LogLoad: Game class is 'ThirdPersonGameMode_C'
[2019.07.04-23.17.27:511][167]LogWorld: Bringing World /Game/ThirdPersonBP/Maps/UEDPIE_0_ThirdPersonExampleMap.ThirdPersonExampleMap up for play (max tick rate 0) at 2019.07.04-16.17.27
[2019.07.04-23.17.27:511][167]LogWorld: Bringing up level for play took: 0.001417
[2019.07.04-23.17.27:524][167]PIE: Play in editor start time for /Game/ThirdPersonBP/Maps/UEDPIE_0_ThirdPersonExampleMap -0.602
[2019.07.04-23.17.27:524][167]LogBlueprintUserMessages: Late PlayInEditor Detection: Level '/Game/ThirdPersonBP/Maps/ThirdPersonExampleMap.ThirdPersonExampleMap:PersistentLevel' has LevelScriptBlueprint '/Game/ThirdPersonBP/Maps/ThirdPersonExampleMap.ThirdPersonExampleMap:PersistentLevel.ThirdPersonExampleMap' with GeneratedClass '/Game/ThirdPersonBP/Maps/ThirdPersonExampleMap.ThirdPersonExampleMap_C' with ClassGeneratedBy '/Game/ThirdPersonBP/Maps/ThirdPersonExampleMap.ThirdPersonExampleMap:PersistentLevel.ThirdPersonExampleMap'
[2019.07.04-23.17.30:346][503]LogBlueprintUserMessages: Early EndPlayMap Detection: Level '/Game/ThirdPersonBP/Maps/ThirdPersonExampleMap.ThirdPersonExampleMap:PersistentLevel' has LevelScriptBlueprint '/Game/ThirdPersonBP/Maps/ThirdPersonExampleMap.ThirdPersonExampleMap:PersistentLevel.ThirdPersonExampleMap' with GeneratedClass '/Game/ThirdPersonBP/Maps/ThirdPersonExampleMap.ThirdPersonExampleMap_C' with ClassGeneratedBy '/Game/ThirdPersonBP/Maps/ThirdPersonExampleMap.ThirdPersonExampleMap:PersistentLevel.ThirdPersonExampleMap'
[2019.07.04-23.17.30:346][503]LogSlate: Updating window title bar state: overlay mode, drag disabled, window buttons hidden, title bar hidden
[2019.07.04-23.17.30:374][503]LogPlayLevel: Display: Shutting down PIE online subsystems
[2019.07.04-23.17.30:374][503]LogBlueprintUserMessages: Late EndPlayMap Detection: Level '/Game/ThirdPersonBP/Maps/ThirdPersonExampleMap.ThirdPersonExampleMap:PersistentLevel' has LevelScriptBlueprint '/Game/ThirdPersonBP/Maps/ThirdPersonExampleMap.ThirdPersonExampleMap:PersistentLevel.ThirdPersonExampleMap' with GeneratedClass '/Game/ThirdPersonBP/Maps/ThirdPersonExampleMap.ThirdPersonExampleMap_C' with ClassGeneratedBy '/Game/ThirdPersonBP/Maps/ThirdPersonExampleMap.ThirdPersonExampleMap:PersistentLevel.ThirdPersonExampleMap'
[2019.07.04-23.17.30:415][503]LogSlate: Updating window title bar state: overlay mode, drag disabled, window buttons hidden, title bar hidden
[2019.07.04-23.17.30:419][503]LogUObjectHash: Compacting FUObjectHashTables data took   2.33ms
[2019.07.04-23.17.30:456][505]LogPlayLevel: Display: Destroying online subsystem :Context_8
[2019.07.04-23.17.32:952][760]LogSlate: FSceneViewport::OnFocusLost() reason 2
[2019.07.04-23.17.45:254][186]BlueprintLog: New page: Compile Weapon_Base
[2019.07.04-23.17.45:448][186]LogUObjectHash: Compacting FUObjectHashTables data took   3.39ms
[2019.07.04-23.17.47:003][368]LogSlate: FSceneViewport::OnFocusLost() reason 0
[2019.07.04-23.17.47:086][378]LogTemp: Repeating last play command: Selected Viewport
[2019.07.04-23.17.47:103][378]LogBlueprintUserMessages: Early PlayInEditor Detection: Level '/Game/ThirdPersonBP/Maps/ThirdPersonExampleMap.ThirdPersonExampleMap:PersistentLevel' has LevelScriptBlueprint '/Game/ThirdPersonBP/Maps/ThirdPersonExampleMap.ThirdPersonExampleMap:PersistentLevel.ThirdPersonExampleMap' with GeneratedClass '/Game/ThirdPersonBP/Maps/ThirdPersonExampleMap.ThirdPersonExampleMap_C' with ClassGeneratedBy '/Game/ThirdPersonBP/Maps/ThirdPersonExampleMap.ThirdPersonExampleMap:PersistentLevel.ThirdPersonExampleMap'
[2019.07.04-23.17.47:103][378]LogPlayLevel: PlayLevel: No blueprints needed recompiling
[2019.07.04-23.17.47:103][378]PIE: New page: PIE session: ThirdPersonExampleMap (Jul 4, 2019, 9:17:47 AM)
[2019.07.04-23.17.47:103][378]LogPlayLevel: Creating play world package: /Game/ThirdPersonBP/Maps/UEDPIE_0_ThirdPersonExampleMap
[2019.07.04-23.17.47:115][378]LogPlayLevel: PIE: StaticDuplicateObject took: (0.011742s)
[2019.07.04-23.17.47:116][378]LogAIModule: Creating AISystem for world ThirdPersonExampleMap
[2019.07.04-23.17.47:116][378]LogPlayLevel: PIE: World Init took: (0.000681s)
[2019.07.04-23.17.47:116][378]LogPlayLevel: PIE: Created PIE world by copying editor world from /Game/ThirdPersonBP/Maps/ThirdPersonExampleMap.ThirdPersonExampleMap to /Game/ThirdPersonBP/Maps/UEDPIE_0_ThirdPersonExampleMap.ThirdPersonExampleMap (0.012562s)
[2019.07.04-23.17.47:152][378]LogUObjectHash: Compacting FUObjectHashTables data took   3.18ms
[2019.07.04-23.17.47:167][378]LogInit: XAudio2 using 'Speakers (Realtek High Definition Audio)' : 2 channels at 48 kHz using 32 bits per sample (channel mask 0x3)
[2019.07.04-23.17.47:185][378]LogInit: FAudioDevice initialized.
[2019.07.04-23.17.47:214][378]LogLoad: Game class is 'ThirdPersonGameMode_C'
[2019.07.04-23.17.47:215][378]LogWorld: Bringing World /Game/ThirdPersonBP/Maps/UEDPIE_0_ThirdPersonExampleMap.ThirdPersonExampleMap up for play (max tick rate 0) at 2019.07.04-16.17.47
[2019.07.04-23.17.47:215][378]LogWorld: Bringing up level for play took: 0.001316
[2019.07.04-23.17.47:228][378]PIE: Play in editor start time for /Game/ThirdPersonBP/Maps/UEDPIE_0_ThirdPersonExampleMap 1.103
[2019.07.04-23.17.47:229][378]LogBlueprintUserMessages: Late PlayInEditor Detection: Level '/Game/ThirdPersonBP/Maps/ThirdPersonExampleMap.ThirdPersonExampleMap:PersistentLevel' has LevelScriptBlueprint '/Game/ThirdPersonBP/Maps/ThirdPersonExampleMap.ThirdPersonExampleMap:PersistentLevel.ThirdPersonExampleMap' with GeneratedClass '/Game/ThirdPersonBP/Maps/ThirdPersonExampleMap.ThirdPersonExampleMap_C' with ClassGeneratedBy '/Game/ThirdPersonBP/Maps/ThirdPersonExampleMap.ThirdPersonExampleMap:PersistentLevel.ThirdPersonExampleMap'
[2019.07.04-23.17.49:190][611]LogBlueprintUserMessages: Early EndPlayMap Detection: Level '/Game/ThirdPersonBP/Maps/ThirdPersonExampleMap.ThirdPersonExampleMap:PersistentLevel' has LevelScriptBlueprint '/Game/ThirdPersonBP/Maps/ThirdPersonExampleMap.ThirdPersonExampleMap:PersistentLevel.ThirdPersonExampleMap' with GeneratedClass '/Game/ThirdPersonBP/Maps/ThirdPersonExampleMap.ThirdPersonExampleMap_C' with ClassGeneratedBy '/Game/ThirdPersonBP/Maps/ThirdPersonExampleMap.ThirdPersonExampleMap:PersistentLevel.ThirdPersonExampleMap'
[2019.07.04-23.17.49:190][611]LogSlate: Updating window title bar state: overlay mode, drag disabled, window buttons hidden, title bar hidden
[2019.07.04-23.17.49:219][611]LogPlayLevel: Display: Shutting down PIE online subsystems
[2019.07.04-23.17.49:219][611]LogBlueprintUserMessages: Late EndPlayMap Detection: Level '/Game/ThirdPersonBP/Maps/ThirdPersonExampleMap.ThirdPersonExampleMap:PersistentLevel' has LevelScriptBlueprint '/Game/ThirdPersonBP/Maps/ThirdPersonExampleMap.ThirdPersonExampleMap:PersistentLevel.ThirdPersonExampleMap' with GeneratedClass '/Game/ThirdPersonBP/Maps/ThirdPersonExampleMap.ThirdPersonExampleMap_C' with ClassGeneratedBy '/Game/ThirdPersonBP/Maps/ThirdPersonExampleMap.ThirdPersonExampleMap:PersistentLevel.ThirdPersonExampleMap'
[2019.07.04-23.17.49:260][611]LogSlate: Updating window title bar state: overlay mode, drag disabled, window buttons hidden, title bar hidden
[2019.07.04-23.17.49:264][611]LogUObjectHash: Compacting FUObjectHashTables data took   2.13ms
[2019.07.04-23.17.49:301][613]LogPlayLevel: Display: Destroying online subsystem :Context_9
[2019.07.04-23.17.54:093][187]LogSlate: FSceneViewport::OnFocusLost() reason 0
[2019.07.04-23.18.29:206][954]BlueprintLog: New page: Compile Weapon_Base
[2019.07.04-23.18.29:398][954]LogUObjectHash: Compacting FUObjectHashTables data took   2.98ms
[2019.07.04-23.18.38:889][487]BlueprintLog: New page: Compile Weapon_Base
[2019.07.04-23.18.39:088][487]LogUObjectHash: Compacting FUObjectHashTables data took   3.43ms
[2019.07.04-23.18.41:795][806]LogTemp: Repeating last play command: Selected Viewport
[2019.07.04-23.18.41:812][806]LogBlueprintUserMessages: Early PlayInEditor Detection: Level '/Game/ThirdPersonBP/Maps/ThirdPersonExampleMap.ThirdPersonExampleMap:PersistentLevel' has LevelScriptBlueprint '/Game/ThirdPersonBP/Maps/ThirdPersonExampleMap.ThirdPersonExampleMap:PersistentLevel.ThirdPersonExampleMap' with GeneratedClass '/Game/ThirdPersonBP/Maps/ThirdPersonExampleMap.ThirdPersonExampleMap_C' with ClassGeneratedBy '/Game/ThirdPersonBP/Maps/ThirdPersonExampleMap.ThirdPersonExampleMap:PersistentLevel.ThirdPersonExampleMap'
[2019.07.04-23.18.41:812][806]LogPlayLevel: PlayLevel: No blueprints needed recompiling
[2019.07.04-23.18.41:812][806]PIE: New page: PIE session: ThirdPersonExampleMap (Jul 4, 2019, 9:18:41 AM)
[2019.07.04-23.18.41:812][806]LogPlayLevel: Creating play world package: /Game/ThirdPersonBP/Maps/UEDPIE_0_ThirdPersonExampleMap
[2019.07.04-23.18.41:822][806]LogPlayLevel: PIE: StaticDuplicateObject took: (0.010409s)
[2019.07.04-23.18.41:823][806]LogAIModule: Creating AISystem for world ThirdPersonExampleMap
[2019.07.04-23.18.41:823][806]LogPlayLevel: PIE: World Init took: (0.000786s)
[2019.07.04-23.18.41:823][806]LogPlayLevel: PIE: Created PIE world by copying editor world from /Game/ThirdPersonBP/Maps/ThirdPersonExampleMap.ThirdPersonExampleMap to /Game/ThirdPersonBP/Maps/UEDPIE_0_ThirdPersonExampleMap.ThirdPersonExampleMap (0.011327s)
[2019.07.04-23.18.41:860][806]LogUObjectHash: Compacting FUObjectHashTables data took   3.14ms
[2019.07.04-23.18.41:875][806]LogInit: XAudio2 using 'Speakers (Realtek High Definition Audio)' : 2 channels at 48 kHz using 32 bits per sample (channel mask 0x3)
[2019.07.04-23.18.41:892][806]LogInit: FAudioDevice initialized.
[2019.07.04-23.18.41:922][806]LogLoad: Game class is 'ThirdPersonGameMode_C'
[2019.07.04-23.18.41:923][806]LogWorld: Bringing World /Game/ThirdPersonBP/Maps/UEDPIE_0_ThirdPersonExampleMap.ThirdPersonExampleMap up for play (max tick rate 0) at 2019.07.04-16.18.41
[2019.07.04-23.18.41:924][806]LogWorld: Bringing up level for play took: 0.001419
[2019.07.04-23.18.41:936][806]PIE: Play in editor start time for /Game/ThirdPersonBP/Maps/UEDPIE_0_ThirdPersonExampleMap -0.19
[2019.07.04-23.18.41:937][806]LogBlueprintUserMessages: Late PlayInEditor Detection: Level '/Game/ThirdPersonBP/Maps/ThirdPersonExampleMap.ThirdPersonExampleMap:PersistentLevel' has LevelScriptBlueprint '/Game/ThirdPersonBP/Maps/ThirdPersonExampleMap.ThirdPersonExampleMap:PersistentLevel.ThirdPersonExampleMap' with GeneratedClass '/Game/ThirdPersonBP/Maps/ThirdPersonExampleMap.ThirdPersonExampleMap_C' with ClassGeneratedBy '/Game/ThirdPersonBP/Maps/ThirdPersonExampleMap.ThirdPersonExampleMap:PersistentLevel.ThirdPersonExampleMap'
[2019.07.04-23.18.46:876][396]LogBlueprintUserMessages: Early EndPlayMap Detection: Level '/Game/ThirdPersonBP/Maps/ThirdPersonExampleMap.ThirdPersonExampleMap:PersistentLevel' has LevelScriptBlueprint '/Game/ThirdPersonBP/Maps/ThirdPersonExampleMap.ThirdPersonExampleMap:PersistentLevel.ThirdPersonExampleMap' with GeneratedClass '/Game/ThirdPersonBP/Maps/ThirdPersonExampleMap.ThirdPersonExampleMap_C' with ClassGeneratedBy '/Game/ThirdPersonBP/Maps/ThirdPersonExampleMap.ThirdPersonExampleMap:PersistentLevel.ThirdPersonExampleMap'
[2019.07.04-23.18.46:876][396]LogSlate: Updating window title bar state: overlay mode, drag disabled, window buttons hidden, title bar hidden
[2019.07.04-23.18.46:904][396]LogPlayLevel: Display: Shutting down PIE online subsystems
[2019.07.04-23.18.46:904][396]LogBlueprintUserMessages: Late EndPlayMap Detection: Level '/Game/ThirdPersonBP/Maps/ThirdPersonExampleMap.ThirdPersonExampleMap:PersistentLevel' has LevelScriptBlueprint '/Game/ThirdPersonBP/Maps/ThirdPersonExampleMap.ThirdPersonExampleMap:PersistentLevel.ThirdPersonExampleMap' with GeneratedClass '/Game/ThirdPersonBP/Maps/ThirdPersonExampleMap.ThirdPersonExampleMap_C' with ClassGeneratedBy '/Game/ThirdPersonBP/Maps/ThirdPersonExampleMap.ThirdPersonExampleMap:PersistentLevel.ThirdPersonExampleMap'
[2019.07.04-23.18.46:945][396]LogSlate: Updating window title bar state: overlay mode, drag disabled, window buttons hidden, title bar hidden
[2019.07.04-23.18.46:949][396]LogUObjectHash: Compacting FUObjectHashTables data took   2.28ms
[2019.07.04-23.18.46:988][398]LogPlayLevel: Display: Destroying online subsystem :Context_10
[2019.07.04-23.19.16:654][955]LogSlate: FSceneViewport::OnFocusLost() reason 0
[2019.07.04-23.19.19:489][282]LogAssetEditorManager: Opening Asset editor for Blueprint /Game/ThirdPersonBP/Blueprints/PlayerCharacter.PlayerCharacter
[2019.07.04-23.19.39:843][ 62]BlueprintLog: New page: Compile PlayerCharacter
[2019.07.04-23.19.40:088][ 62]LogUObjectHash: Compacting FUObjectHashTables data took   3.21ms
[2019.07.04-23.19.42:617][315]LogTemp: Repeating last play command: Selected Viewport
[2019.07.04-23.19.42:650][315]LogBlueprintUserMessages: Early PlayInEditor Detection: Level '/Game/ThirdPersonBP/Maps/ThirdPersonExampleMap.ThirdPersonExampleMap:PersistentLevel' has LevelScriptBlueprint '/Game/ThirdPersonBP/Maps/ThirdPersonExampleMap.ThirdPersonExampleMap:PersistentLevel.ThirdPersonExampleMap' with GeneratedClass '/Game/ThirdPersonBP/Maps/ThirdPersonExampleMap.ThirdPersonExampleMap_C' with ClassGeneratedBy '/Game/ThirdPersonBP/Maps/ThirdPersonExampleMap.ThirdPersonExampleMap:PersistentLevel.ThirdPersonExampleMap'
[2019.07.04-23.19.42:650][315]LogPlayLevel: PlayLevel: No blueprints needed recompiling
[2019.07.04-23.19.42:650][315]PIE: New page: PIE session: ThirdPersonExampleMap (Jul 4, 2019, 9:19:42 AM)
[2019.07.04-23.19.42:650][315]LogPlayLevel: Creating play world package: /Game/ThirdPersonBP/Maps/UEDPIE_0_ThirdPersonExampleMap
[2019.07.04-23.19.42:662][315]LogPlayLevel: PIE: StaticDuplicateObject took: (0.011863s)
[2019.07.04-23.19.42:662][315]LogAIModule: Creating AISystem for world ThirdPersonExampleMap
[2019.07.04-23.19.42:663][315]LogPlayLevel: PIE: World Init took: (0.000699s)
[2019.07.04-23.19.42:663][315]LogPlayLevel: PIE: Created PIE world by copying editor world from /Game/ThirdPersonBP/Maps/ThirdPersonExampleMap.ThirdPersonExampleMap to /Game/ThirdPersonBP/Maps/UEDPIE_0_ThirdPersonExampleMap.ThirdPersonExampleMap (0.012708s)
[2019.07.04-23.19.42:705][315]LogUObjectHash: Compacting FUObjectHashTables data took   3.64ms
[2019.07.04-23.19.42:720][315]LogInit: XAudio2 using 'Speakers (Realtek High Definition Audio)' : 2 channels at 48 kHz using 32 bits per sample (channel mask 0x3)
[2019.07.04-23.19.42:739][315]LogInit: FAudioDevice initialized.
[2019.07.04-23.19.42:764][315]LogLoad: Game class is 'ThirdPersonGameMode_C'
[2019.07.04-23.19.42:766][315]LogWorld: Bringing World /Game/ThirdPersonBP/Maps/UEDPIE_0_ThirdPersonExampleMap.ThirdPersonExampleMap up for play (max tick rate 0) at 2019.07.04-16.19.42
[2019.07.04-23.19.42:766][315]LogWorld: Bringing up level for play took: 0.001405
[2019.07.04-23.19.42:779][315]PIE: Play in editor start time for /Game/ThirdPersonBP/Maps/UEDPIE_0_ThirdPersonExampleMap 0.654
[2019.07.04-23.19.42:779][315]LogBlueprintUserMessages: Late PlayInEditor Detection: Level '/Game/ThirdPersonBP/Maps/ThirdPersonExampleMap.ThirdPersonExampleMap:PersistentLevel' has LevelScriptBlueprint '/Game/ThirdPersonBP/Maps/ThirdPersonExampleMap.ThirdPersonExampleMap:PersistentLevel.ThirdPersonExampleMap' with GeneratedClass '/Game/ThirdPersonBP/Maps/ThirdPersonExampleMap.ThirdPersonExampleMap_C' with ClassGeneratedBy '/Game/ThirdPersonBP/Maps/ThirdPersonExampleMap.ThirdPersonExampleMap:PersistentLevel.ThirdPersonExampleMap'
[2019.07.04-23.19.47:035][823]LogBlueprintUserMessages: Early EndPlayMap Detection: Level '/Game/ThirdPersonBP/Maps/ThirdPersonExampleMap.ThirdPersonExampleMap:PersistentLevel' has LevelScriptBlueprint '/Game/ThirdPersonBP/Maps/ThirdPersonExampleMap.ThirdPersonExampleMap:PersistentLevel.ThirdPersonExampleMap' with GeneratedClass '/Game/ThirdPersonBP/Maps/ThirdPersonExampleMap.ThirdPersonExampleMap_C' with ClassGeneratedBy '/Game/ThirdPersonBP/Maps/ThirdPersonExampleMap.ThirdPersonExampleMap:PersistentLevel.ThirdPersonExampleMap'
[2019.07.04-23.19.47:035][823]LogSlate: Updating window title bar state: overlay mode, drag disabled, window buttons hidden, title bar hidden
[2019.07.04-23.19.47:064][823]LogPlayLevel: Display: Shutting down PIE online subsystems
[2019.07.04-23.19.47:065][823]LogBlueprintUserMessages: Late EndPlayMap Detection: Level '/Game/ThirdPersonBP/Maps/ThirdPersonExampleMap.ThirdPersonExampleMap:PersistentLevel' has LevelScriptBlueprint '/Game/ThirdPersonBP/Maps/ThirdPersonExampleMap.ThirdPersonExampleMap:PersistentLevel.ThirdPersonExampleMap' with GeneratedClass '/Game/ThirdPersonBP/Maps/ThirdPersonExampleMap.ThirdPersonExampleMap_C' with ClassGeneratedBy '/Game/ThirdPersonBP/Maps/ThirdPersonExampleMap.ThirdPersonExampleMap:PersistentLevel.ThirdPersonExampleMap'
[2019.07.04-23.19.47:108][823]LogSlate: Updating window title bar state: overlay mode, drag disabled, window buttons hidden, title bar hidden
[2019.07.04-23.19.47:112][823]LogUObjectHash: Compacting FUObjectHashTables data took   2.27ms
[2019.07.04-23.19.47:152][825]LogPlayLevel: Display: Destroying online subsystem :Context_14
[2019.07.04-23.19.48:357][969]LogSlate: FSceneViewport::OnFocusLost() reason 2
[2019.07.04-23.19.48:402][969]LogUObjectHash: Compacting FUObjectHashTables data took   1.02ms
[2019.07.04-23.19.48:602][969]LogSavePackage: Moving '../../../../../../Projects/Unreal Projects/MetroV2/Saved/ThirdPersonExampleMap267DAAB843C4925B3AC1EDB82A971EDB.tmp' to '../../../../../../Projects/Unreal Projects/MetroV2/Content/ThirdPersonBP/Maps/ThirdPersonExampleMap.umap'
[2019.07.04-23.19.48:748][969]LogSavePackage: Moving '../../../../../../Projects/Unreal Projects/MetroV2/Saved/ThirdPersonExampleMap_BuiltDataC7C669204285E697FCBEDE8FE663F1D3.tmp' to '../../../../../../Projects/Unreal Projects/MetroV2/Content/ThirdPersonBP/Maps/ThirdPersonExampleMap_BuiltData.uasset'
[2019.07.04-23.21.26:465][497]LogSlate: FSceneViewport::OnFocusLost() reason 0
[2019.07.04-23.21.27:983][652]LogTemp: Repeating last play command: Selected Viewport
[2019.07.04-23.21.28:001][652]LogBlueprintUserMessages: Early PlayInEditor Detection: Level '/Game/ThirdPersonBP/Maps/ThirdPersonExampleMap.ThirdPersonExampleMap:PersistentLevel' has LevelScriptBlueprint '/Game/ThirdPersonBP/Maps/ThirdPersonExampleMap.ThirdPersonExampleMap:PersistentLevel.ThirdPersonExampleMap' with GeneratedClass '/Game/ThirdPersonBP/Maps/ThirdPersonExampleMap.ThirdPersonExampleMap_C' with ClassGeneratedBy '/Game/ThirdPersonBP/Maps/ThirdPersonExampleMap.ThirdPersonExampleMap:PersistentLevel.ThirdPersonExampleMap'
[2019.07.04-23.21.28:001][652]LogPlayLevel: PlayLevel: No blueprints needed recompiling
[2019.07.04-23.21.28:001][652]PIE: New page: PIE session: ThirdPersonExampleMap (Jul 4, 2019, 9:21:28 AM)
[2019.07.04-23.21.28:001][652]LogPlayLevel: Creating play world package: /Game/ThirdPersonBP/Maps/UEDPIE_0_ThirdPersonExampleMap
[2019.07.04-23.21.28:013][652]LogPlayLevel: PIE: StaticDuplicateObject took: (0.011067s)
[2019.07.04-23.21.28:013][652]LogAIModule: Creating AISystem for world ThirdPersonExampleMap
[2019.07.04-23.21.28:013][652]LogPlayLevel: PIE: World Init took: (0.000676s)
[2019.07.04-23.21.28:013][652]LogPlayLevel: PIE: Created PIE world by copying editor world from /Game/ThirdPersonBP/Maps/ThirdPersonExampleMap.ThirdPersonExampleMap to /Game/ThirdPersonBP/Maps/UEDPIE_0_ThirdPersonExampleMap.ThirdPersonExampleMap (0.011928s)
[2019.07.04-23.21.28:054][652]LogUObjectHash: Compacting FUObjectHashTables data took   2.84ms
[2019.07.04-23.21.28:070][652]LogInit: XAudio2 using 'Speakers (Realtek High Definition Audio)' : 2 channels at 48 kHz using 32 bits per sample (channel mask 0x3)
[2019.07.04-23.21.28:089][652]LogInit: FAudioDevice initialized.
[2019.07.04-23.21.28:116][652]LogLoad: Game class is 'ThirdPersonGameMode_C'
[2019.07.04-23.21.28:118][652]LogWorld: Bringing World /Game/ThirdPersonBP/Maps/UEDPIE_0_ThirdPersonExampleMap.ThirdPersonExampleMap up for play (max tick rate 0) at 2019.07.04-16.21.28
[2019.07.04-23.21.28:118][652]LogWorld: Bringing up level for play took: 0.001367
[2019.07.04-23.21.28:132][652]PIE: Play in editor start time for /Game/ThirdPersonBP/Maps/UEDPIE_0_ThirdPersonExampleMap 0.006
[2019.07.04-23.21.28:132][652]LogBlueprintUserMessages: Late PlayInEditor Detection: Level '/Game/ThirdPersonBP/Maps/ThirdPersonExampleMap.ThirdPersonExampleMap:PersistentLevel' has LevelScriptBlueprint '/Game/ThirdPersonBP/Maps/ThirdPersonExampleMap.ThirdPersonExampleMap:PersistentLevel.ThirdPersonExampleMap' with GeneratedClass '/Game/ThirdPersonBP/Maps/ThirdPersonExampleMap.ThirdPersonExampleMap_C' with ClassGeneratedBy '/Game/ThirdPersonBP/Maps/ThirdPersonExampleMap.ThirdPersonExampleMap:PersistentLevel.ThirdPersonExampleMap'
[2019.07.04-23.21.30:377][919]LogBlueprintUserMessages: Early EndPlayMap Detection: Level '/Game/ThirdPersonBP/Maps/ThirdPersonExampleMap.ThirdPersonExampleMap:PersistentLevel' has LevelScriptBlueprint '/Game/ThirdPersonBP/Maps/ThirdPersonExampleMap.ThirdPersonExampleMap:PersistentLevel.ThirdPersonExampleMap' with GeneratedClass '/Game/ThirdPersonBP/Maps/ThirdPersonExampleMap.ThirdPersonExampleMap_C' with ClassGeneratedBy '/Game/ThirdPersonBP/Maps/ThirdPersonExampleMap.ThirdPersonExampleMap:PersistentLevel.ThirdPersonExampleMap'
[2019.07.04-23.21.30:377][919]LogSlate: Updating window title bar state: overlay mode, drag disabled, window buttons hidden, title bar hidden
[2019.07.04-23.21.30:407][919]LogPlayLevel: Display: Shutting down PIE online subsystems
[2019.07.04-23.21.30:408][919]LogBlueprintUserMessages: Late EndPlayMap Detection: Level '/Game/ThirdPersonBP/Maps/ThirdPersonExampleMap.ThirdPersonExampleMap:PersistentLevel' has LevelScriptBlueprint '/Game/ThirdPersonBP/Maps/ThirdPersonExampleMap.ThirdPersonExampleMap:PersistentLevel.ThirdPersonExampleMap' with GeneratedClass '/Game/ThirdPersonBP/Maps/ThirdPersonExampleMap.ThirdPersonExampleMap_C' with ClassGeneratedBy '/Game/ThirdPersonBP/Maps/ThirdPersonExampleMap.ThirdPersonExampleMap:PersistentLevel.ThirdPersonExampleMap'
[2019.07.04-23.21.30:450][919]LogSlate: Updating window title bar state: overlay mode, drag disabled, window buttons hidden, title bar hidden
[2019.07.04-23.21.30:455][919]LogUObjectHash: Compacting FUObjectHashTables data took   2.35ms
[2019.07.04-23.21.30:489][921]LogPlayLevel: Display: Destroying online subsystem :Context_15
[2019.07.04-23.21.35:066][468]LogSlate: FSceneViewport::OnFocusLost() reason 2
[2019.07.04-23.21.35:108][468]LogUObjectHash: Compacting FUObjectHashTables data took   0.74ms
[2019.07.04-23.21.35:313][468]LogSavePackage: Moving '../../../../../../Projects/Unreal Projects/MetroV2/Saved/ThirdPersonExampleMap4AD2AEFE43E51F75DD2FE2B21B37A719.tmp' to '../../../../../../Projects/Unreal Projects/MetroV2/Content/ThirdPersonBP/Maps/ThirdPersonExampleMap.umap'
[2019.07.04-23.21.35:460][468]LogSavePackage: Moving '../../../../../../Projects/Unreal Projects/MetroV2/Saved/ThirdPersonExampleMap_BuiltDataBF76957448F2FAC89A93CF82EACBF04E.tmp' to '../../../../../../Projects/Unreal Projects/MetroV2/Content/ThirdPersonBP/Maps/ThirdPersonExampleMap_BuiltData.uasset'
[2019.07.04-23.21.40:024][890]LogSlate: FSceneViewport::OnFocusLost() reason 0
